2022-12-05 11:12:54.347[main][org.springframework.boot.StartupInfoLogger:48] INFO  - Starting UserApplication on DESKTOP-T987IHU with PID 11488 (E:\github\tensquare_parent\tensquare_user\target\classes started by TY in E:\github\tensquare_parent)
2022-12-05 11:12:54.357[main][org.springframework.boot.SpringApplication:662] INFO  - No active profile set, falling back to default profiles: default
2022-12-05 11:12:54.437[main][org.springframework.context.support.AbstractApplicationContext:582] INFO  - Refreshing org.springframework.boot.context.embedded.AnnotationConfigEmbeddedWebApplicationContext@6cf0e0ba: startup date [Mon Dec 05 11:12:54 CST 2022]; root of context hierarchy
2022-12-05 11:12:54.649[background-preinit][org.hibernate.validator.internal.util.Version:30] INFO  - HV000001: Hibernate Validator 5.2.4.Final
2022-12-05 11:12:56.851[main][org.springframework.data.repository.config.RepositoryConfigurationDelegate:170] INFO  - Multiple Spring Data modules found, entering strict repository configuration mode!
2022-12-05 11:12:56.963[main][org.springframework.data.repository.config.RepositoryConfigurationDelegate:170] INFO  - Multiple Spring Data modules found, entering strict repository configuration mode!
2022-12-05 11:12:56.986[main][org.springframework.data.repository.config.RepositoryConfigurationExtensionSupport:283] INFO  - Spring Data Redis - Could not safely identify store assignment for repository candidate interface com.lp.dao.AdminDao.
2022-12-05 11:12:56.987[main][org.springframework.data.repository.config.RepositoryConfigurationExtensionSupport:283] INFO  - Spring Data Redis - Could not safely identify store assignment for repository candidate interface com.lp.dao.UserDao.
2022-12-05 11:12:57.378[main][org.springframework.context.support.PostProcessorRegistrationDelegate$BeanPostProcessorChecker:325] INFO  - Bean 'org.springframework.amqp.rabbit.annotation.RabbitBootstrapConfiguration' of type [org.springframework.amqp.rabbit.annotation.RabbitBootstrapConfiguration$$EnhancerBySpringCGLIB$$e89c1d2] is not eligible for getting processed by all BeanPostProcessors (for example: not eligible for auto-proxying)
2022-12-05 11:12:57.483[main][org.springframework.context.support.PostProcessorRegistrationDelegate$BeanPostProcessorChecker:325] INFO  - Bean 'org.springframework.transaction.annotation.ProxyTransactionManagementConfiguration' of type [org.springframework.transaction.annotation.ProxyTransactionManagementConfiguration$$EnhancerBySpringCGLIB$$481e03a4] is not eligible for getting processed by all BeanPostProcessors (for example: not eligible for auto-proxying)
2022-12-05 11:12:58.079[main][org.springframework.boot.context.embedded.tomcat.TomcatEmbeddedServletContainer:89] INFO  - Tomcat initialized with port(s): 8083 (http)
2022-12-05 11:12:58.092[main][org.apache.juli.logging.DirectJDKLog:179] INFO  - Starting service Tomcat
2022-12-05 11:12:58.093[main][org.apache.juli.logging.DirectJDKLog:179] INFO  - Starting Servlet Engine: Apache Tomcat/8.5.11
2022-12-05 11:12:58.242[localhost-startStop-1][org.apache.juli.logging.DirectJDKLog:179] INFO  - Initializing Spring embedded WebApplicationContext
2022-12-05 11:12:58.242[localhost-startStop-1][org.springframework.boot.context.embedded.EmbeddedWebApplicationContext:276] INFO  - Root WebApplicationContext: initialization completed in 3805 ms
2022-12-05 11:12:58.659[localhost-startStop-1][org.springframework.boot.web.servlet.AbstractFilterRegistrationBean:258] INFO  - Mapping filter: 'characterEncodingFilter' to: [/*]
2022-12-05 11:12:58.661[localhost-startStop-1][org.springframework.boot.web.servlet.AbstractFilterRegistrationBean:258] INFO  - Mapping filter: 'hiddenHttpMethodFilter' to: [/*]
2022-12-05 11:12:58.661[localhost-startStop-1][org.springframework.boot.web.servlet.AbstractFilterRegistrationBean:258] INFO  - Mapping filter: 'httpPutFormContentFilter' to: [/*]
2022-12-05 11:12:58.661[localhost-startStop-1][org.springframework.boot.web.servlet.AbstractFilterRegistrationBean:258] INFO  - Mapping filter: 'requestContextFilter' to: [/*]
2022-12-05 11:12:58.664[localhost-startStop-1][org.springframework.boot.web.servlet.AbstractFilterRegistrationBean:258] INFO  - Mapping filter: 'springSecurityFilterChain' to: [/*]
2022-12-05 11:12:58.665[localhost-startStop-1][org.springframework.boot.web.servlet.ServletRegistrationBean:190] INFO  - Mapping servlet: 'dispatcherServlet' to [/]
2022-12-05 11:12:59.642[main][org.springframework.orm.jpa.LocalContainerEntityManagerFactoryBean:349] INFO  - Building JPA container EntityManagerFactory for persistence unit 'default'
2022-12-05 11:12:59.766[main][org.hibernate.Version:37] INFO  - HHH000412: Hibernate Core {5.0.12.Final}
2022-12-05 11:12:59.768[main][org.hibernate.cfg.Environment:213] INFO  - HHH000206: hibernate.properties not found
2022-12-05 11:12:59.770[main][org.hibernate.cfg.Environment:317] INFO  - HHH000021: Bytecode provider name : javassist
2022-12-05 11:12:59.828[main][org.hibernate.annotations.common.reflection.java.JavaReflectionManager:66] INFO  - HCANN000001: Hibernate Commons Annotations {5.0.1.Final}
2022-12-05 11:13:00.017[main][org.hibernate.dialect.Dialect:156] INFO  - HHH000400: Using dialect: org.hibernate.dialect.MySQL5Dialect
2022-12-05 11:13:00.781[main][org.springframework.orm.jpa.AbstractEntityManagerFactoryBean:379] INFO  - Initialized JPA EntityManagerFactory for persistence unit 'default'
2022-12-05 11:13:01.998[main][org.springframework.boot.autoconfigure.security.AuthenticationManagerConfiguration$DefaultInMemoryUserDetailsManagerConfigurer:169] INFO  - 

Using default security password: 1533b4f5-0e41-48a8-8b1e-e604eb74c22c

2022-12-05 11:13:02.202[main][org.springframework.security.web.DefaultSecurityFilterChain:43] INFO  - Creating filter chain: org.springframework.security.web.util.matcher.AnyRequestMatcher@1, [org.springframework.security.web.context.request.async.WebAsyncManagerIntegrationFilter@459bf87c, org.springframework.security.web.context.SecurityContextPersistenceFilter@1f3c5308, org.springframework.security.web.header.HeaderWriterFilter@7c9372ed, org.springframework.security.web.authentication.logout.LogoutFilter@3fef1e6b, org.springframework.security.web.savedrequest.RequestCacheAwareFilter@51e94b7d, org.springframework.security.web.servletapi.SecurityContextHolderAwareRequestFilter@6fd7aba8, org.springframework.security.web.authentication.AnonymousAuthenticationFilter@5ae66c98, org.springframework.security.web.session.SessionManagementFilter@2c2aab92, org.springframework.security.web.access.ExceptionTranslationFilter@760a2b6e, org.springframework.security.web.access.intercept.FilterSecurityInterceptor@70022d44]
2022-12-05 11:13:02.381[main][org.springframework.web.servlet.mvc.method.annotation.RequestMappingHandlerAdapter:534] INFO  - Looking for @ControllerAdvice: org.springframework.boot.context.embedded.AnnotationConfigEmbeddedWebApplicationContext@6cf0e0ba: startup date [Mon Dec 05 11:12:54 CST 2022]; root of context hierarchy
2022-12-05 11:13:02.481[main][org.springframework.web.servlet.handler.AbstractHandlerMethodMapping$MappingRegistry:543] INFO  - Mapped "{[/admin/reg],methods=[POST]}" onto public com.lp.common.entity.Result com.lp.controller.AdminController.regAdmin(com.lp.pojo.Admin)
2022-12-05 11:13:02.483[main][org.springframework.web.servlet.handler.AbstractHandlerMethodMapping$MappingRegistry:543] INFO  - Mapped "{[/user/register/{code}],methods=[POST]}" onto public com.lp.common.entity.Result com.lp.controller.UserController.register(com.lp.pojo.User,java.lang.String)
2022-12-05 11:13:02.483[main][org.springframework.web.servlet.handler.AbstractHandlerMethodMapping$MappingRegistry:543] INFO  - Mapped "{[/user/sendSms],methods=[POST]}" onto public com.lp.common.entity.Result com.lp.controller.UserController.sendSms(java.lang.String)
2022-12-05 11:13:02.488[main][org.springframework.web.servlet.handler.AbstractHandlerMethodMapping$MappingRegistry:543] INFO  - Mapped "{[/error]}" onto public org.springframework.http.ResponseEntity<java.util.Map<java.lang.String, java.lang.Object>> org.springframework.boot.autoconfigure.web.BasicErrorController.error(javax.servlet.http.HttpServletRequest)
2022-12-05 11:13:02.488[main][org.springframework.web.servlet.handler.AbstractHandlerMethodMapping$MappingRegistry:543] INFO  - Mapped "{[/error],produces=[text/html]}" onto public org.springframework.web.servlet.ModelAndView org.springframework.boot.autoconfigure.web.BasicErrorController.errorHtml(javax.servlet.http.HttpServletRequest,javax.servlet.http.HttpServletResponse)
2022-12-05 11:13:02.557[main][org.springframework.web.servlet.handler.AbstractUrlHandlerMapping:362] INFO  - Mapped URL path [/webjars/**] onto handler of type [class org.springframework.web.servlet.resource.ResourceHttpRequestHandler]
2022-12-05 11:13:02.557[main][org.springframework.web.servlet.handler.AbstractUrlHandlerMapping:362] INFO  - Mapped URL path [/**] onto handler of type [class org.springframework.web.servlet.resource.ResourceHttpRequestHandler]
2022-12-05 11:13:02.612[main][org.springframework.web.servlet.mvc.method.annotation.ExceptionHandlerExceptionResolver:273] INFO  - Detected @ExceptionHandler methods in baseExceptionHandler
2022-12-05 11:13:02.645[main][org.springframework.web.servlet.handler.AbstractUrlHandlerMapping:362] INFO  - Mapped URL path [/**/favicon.ico] onto handler of type [class org.springframework.web.servlet.resource.ResourceHttpRequestHandler]
2022-12-05 11:13:03.263[main][org.springframework.jmx.export.MBeanExporter:431] INFO  - Registering beans for JMX exposure on startup
2022-12-05 11:13:03.272[main][org.springframework.jmx.export.MBeanExporter:916] INFO  - Bean with name 'rabbitConnectionFactory' has been autodetected for JMX exposure
2022-12-05 11:13:03.275[main][org.springframework.jmx.export.MBeanExporter:678] INFO  - Located managed bean 'rabbitConnectionFactory': registering with JMX server as MBean [org.springframework.amqp.rabbit.connection:name=rabbitConnectionFactory,type=CachingConnectionFactory]
2022-12-05 11:13:03.325[main][org.springframework.context.support.DefaultLifecycleProcessor$LifecycleGroup:343] INFO  - Starting beans in phase -2147482648
2022-12-05 11:13:03.326[main][org.springframework.context.support.DefaultLifecycleProcessor$LifecycleGroup:343] INFO  - Starting beans in phase 2147483647
2022-12-05 11:13:03.348[main][org.apache.juli.logging.DirectJDKLog:179] INFO  - Initializing ProtocolHandler ["http-nio-8083"]
2022-12-05 11:13:03.359[main][org.apache.juli.logging.DirectJDKLog:179] INFO  - Starting ProtocolHandler [http-nio-8083]
2022-12-05 11:13:03.370[main][org.apache.juli.logging.DirectJDKLog:179] INFO  - Using a shared selector for servlet write/read
2022-12-05 11:13:03.392[main][org.springframework.boot.context.embedded.tomcat.TomcatEmbeddedServletContainer:198] INFO  - Tomcat started on port(s): 8083 (http)
2022-12-05 11:13:03.398[main][org.springframework.boot.StartupInfoLogger:57] INFO  - Started UserApplication in 10.472 seconds (JVM running for 13.764)
2022-12-05 11:13:03.398[main][com.lp.UserApplication:20] INFO  - 项目初始化完成
2022-12-05 11:15:21.501[http-nio-8083-exec-2][org.apache.juli.logging.DirectJDKLog:179] INFO  - Initializing Spring FrameworkServlet 'dispatcherServlet'
2022-12-05 11:15:21.501[http-nio-8083-exec-2][org.springframework.web.servlet.FrameworkServlet:489] INFO  - FrameworkServlet 'dispatcherServlet': initialization started
2022-12-05 11:15:21.541[http-nio-8083-exec-2][org.springframework.web.servlet.FrameworkServlet:508] INFO  - FrameworkServlet 'dispatcherServlet': initialization completed in 39 ms
2022-12-05 11:15:21.952[http-nio-8083-exec-2][org.hibernate.event.internal.DefaultLoadEventListener:129] INFO  - HHH000327: Error performing load command : org.hibernate.exception.SQLGrammarException: could not extract ResultSet
2022-12-05 11:21:03.118[main][org.springframework.boot.StartupInfoLogger:48] INFO  - Starting UserApplication on DESKTOP-T987IHU with PID 13036 (E:\github\tensquare_parent\tensquare_user\target\classes started by TY in E:\github\tensquare_parent)
2022-12-05 11:21:03.121[main][org.springframework.boot.SpringApplication:662] INFO  - No active profile set, falling back to default profiles: default
2022-12-05 11:21:03.213[main][org.springframework.context.support.AbstractApplicationContext:582] INFO  - Refreshing org.springframework.boot.context.embedded.AnnotationConfigEmbeddedWebApplicationContext@55183b20: startup date [Mon Dec 05 11:21:03 CST 2022]; root of context hierarchy
2022-12-05 11:21:03.523[background-preinit][org.hibernate.validator.internal.util.Version:30] INFO  - HV000001: Hibernate Validator 5.2.4.Final
2022-12-05 11:21:05.795[main][org.springframework.data.repository.config.RepositoryConfigurationDelegate:170] INFO  - Multiple Spring Data modules found, entering strict repository configuration mode!
2022-12-05 11:21:05.919[main][org.springframework.data.repository.config.RepositoryConfigurationDelegate:170] INFO  - Multiple Spring Data modules found, entering strict repository configuration mode!
2022-12-05 11:21:05.946[main][org.springframework.data.repository.config.RepositoryConfigurationExtensionSupport:283] INFO  - Spring Data Redis - Could not safely identify store assignment for repository candidate interface com.lp.dao.AdminDao.
2022-12-05 11:21:05.947[main][org.springframework.data.repository.config.RepositoryConfigurationExtensionSupport:283] INFO  - Spring Data Redis - Could not safely identify store assignment for repository candidate interface com.lp.dao.UserDao.
2022-12-05 11:21:06.377[main][org.springframework.context.support.PostProcessorRegistrationDelegate$BeanPostProcessorChecker:325] INFO  - Bean 'org.springframework.amqp.rabbit.annotation.RabbitBootstrapConfiguration' of type [org.springframework.amqp.rabbit.annotation.RabbitBootstrapConfiguration$$EnhancerBySpringCGLIB$$8a8a8b36] is not eligible for getting processed by all BeanPostProcessors (for example: not eligible for auto-proxying)
2022-12-05 11:21:06.509[main][org.springframework.context.support.PostProcessorRegistrationDelegate$BeanPostProcessorChecker:325] INFO  - Bean 'org.springframework.transaction.annotation.ProxyTransactionManagementConfiguration' of type [org.springframework.transaction.annotation.ProxyTransactionManagementConfiguration$$EnhancerBySpringCGLIB$$c41ecd08] is not eligible for getting processed by all BeanPostProcessors (for example: not eligible for auto-proxying)
2022-12-05 11:21:07.128[main][org.springframework.boot.context.embedded.tomcat.TomcatEmbeddedServletContainer:89] INFO  - Tomcat initialized with port(s): 8083 (http)
2022-12-05 11:21:07.139[main][org.apache.juli.logging.DirectJDKLog:179] INFO  - Starting service Tomcat
2022-12-05 11:21:07.141[main][org.apache.juli.logging.DirectJDKLog:179] INFO  - Starting Servlet Engine: Apache Tomcat/8.5.11
2022-12-05 11:21:07.264[localhost-startStop-1][org.apache.juli.logging.DirectJDKLog:179] INFO  - Initializing Spring embedded WebApplicationContext
2022-12-05 11:21:07.265[localhost-startStop-1][org.springframework.boot.context.embedded.EmbeddedWebApplicationContext:276] INFO  - Root WebApplicationContext: initialization completed in 4052 ms
2022-12-05 11:21:07.552[localhost-startStop-1][org.springframework.boot.web.servlet.AbstractFilterRegistrationBean:258] INFO  - Mapping filter: 'characterEncodingFilter' to: [/*]
2022-12-05 11:21:07.553[localhost-startStop-1][org.springframework.boot.web.servlet.AbstractFilterRegistrationBean:258] INFO  - Mapping filter: 'hiddenHttpMethodFilter' to: [/*]
2022-12-05 11:21:07.553[localhost-startStop-1][org.springframework.boot.web.servlet.AbstractFilterRegistrationBean:258] INFO  - Mapping filter: 'httpPutFormContentFilter' to: [/*]
2022-12-05 11:21:07.554[localhost-startStop-1][org.springframework.boot.web.servlet.AbstractFilterRegistrationBean:258] INFO  - Mapping filter: 'requestContextFilter' to: [/*]
2022-12-05 11:21:07.556[localhost-startStop-1][org.springframework.boot.web.servlet.AbstractFilterRegistrationBean:258] INFO  - Mapping filter: 'springSecurityFilterChain' to: [/*]
2022-12-05 11:21:07.557[localhost-startStop-1][org.springframework.boot.web.servlet.ServletRegistrationBean:190] INFO  - Mapping servlet: 'dispatcherServlet' to [/]
2022-12-05 11:21:08.161[main][org.springframework.orm.jpa.LocalContainerEntityManagerFactoryBean:349] INFO  - Building JPA container EntityManagerFactory for persistence unit 'default'
2022-12-05 11:21:08.255[main][org.hibernate.Version:37] INFO  - HHH000412: Hibernate Core {5.0.12.Final}
2022-12-05 11:21:08.257[main][org.hibernate.cfg.Environment:213] INFO  - HHH000206: hibernate.properties not found
2022-12-05 11:21:08.258[main][org.hibernate.cfg.Environment:317] INFO  - HHH000021: Bytecode provider name : javassist
2022-12-05 11:21:08.307[main][org.hibernate.annotations.common.reflection.java.JavaReflectionManager:66] INFO  - HCANN000001: Hibernate Commons Annotations {5.0.1.Final}
2022-12-05 11:21:08.491[main][org.hibernate.dialect.Dialect:156] INFO  - HHH000400: Using dialect: org.hibernate.dialect.MySQL5Dialect
2022-12-05 11:21:09.199[main][org.springframework.orm.jpa.AbstractEntityManagerFactoryBean:379] INFO  - Initialized JPA EntityManagerFactory for persistence unit 'default'
2022-12-05 11:21:10.156[main][org.springframework.boot.autoconfigure.security.AuthenticationManagerConfiguration$DefaultInMemoryUserDetailsManagerConfigurer:169] INFO  - 

Using default security password: a4d9c454-822a-42b9-b580-994b4e08fc2b

2022-12-05 11:21:10.316[main][org.springframework.security.web.DefaultSecurityFilterChain:43] INFO  - Creating filter chain: org.springframework.security.web.util.matcher.AnyRequestMatcher@1, [org.springframework.security.web.context.request.async.WebAsyncManagerIntegrationFilter@f49e81a, org.springframework.security.web.context.SecurityContextPersistenceFilter@857f74a, org.springframework.security.web.header.HeaderWriterFilter@340c57e0, org.springframework.security.web.authentication.logout.LogoutFilter@2df71be0, org.springframework.security.web.savedrequest.RequestCacheAwareFilter@1f3c5308, org.springframework.security.web.servletapi.SecurityContextHolderAwareRequestFilter@5fc1e4fb, org.springframework.security.web.authentication.AnonymousAuthenticationFilter@1b444b5, org.springframework.security.web.session.SessionManagementFilter@6cee903a, org.springframework.security.web.access.ExceptionTranslationFilter@18faaff6, org.springframework.security.web.access.intercept.FilterSecurityInterceptor@6fd9dbe6]
2022-12-05 11:21:10.479[main][org.springframework.web.servlet.mvc.method.annotation.RequestMappingHandlerAdapter:534] INFO  - Looking for @ControllerAdvice: org.springframework.boot.context.embedded.AnnotationConfigEmbeddedWebApplicationContext@55183b20: startup date [Mon Dec 05 11:21:03 CST 2022]; root of context hierarchy
2022-12-05 11:21:10.579[main][org.springframework.web.servlet.handler.AbstractHandlerMethodMapping$MappingRegistry:543] INFO  - Mapped "{[/admin/reg],methods=[POST]}" onto public com.lp.common.entity.Result com.lp.controller.AdminController.regAdmin(com.lp.pojo.Admin)
2022-12-05 11:21:10.581[main][org.springframework.web.servlet.handler.AbstractHandlerMethodMapping$MappingRegistry:543] INFO  - Mapped "{[/user/sendSms],methods=[POST]}" onto public com.lp.common.entity.Result com.lp.controller.UserController.sendSms(java.lang.String)
2022-12-05 11:21:10.583[main][org.springframework.web.servlet.handler.AbstractHandlerMethodMapping$MappingRegistry:543] INFO  - Mapped "{[/user/register/{code}],methods=[POST]}" onto public com.lp.common.entity.Result com.lp.controller.UserController.register(com.lp.pojo.User,java.lang.String)
2022-12-05 11:21:10.588[main][org.springframework.web.servlet.handler.AbstractHandlerMethodMapping$MappingRegistry:543] INFO  - Mapped "{[/error],produces=[text/html]}" onto public org.springframework.web.servlet.ModelAndView org.springframework.boot.autoconfigure.web.BasicErrorController.errorHtml(javax.servlet.http.HttpServletRequest,javax.servlet.http.HttpServletResponse)
2022-12-05 11:21:10.588[main][org.springframework.web.servlet.handler.AbstractHandlerMethodMapping$MappingRegistry:543] INFO  - Mapped "{[/error]}" onto public org.springframework.http.ResponseEntity<java.util.Map<java.lang.String, java.lang.Object>> org.springframework.boot.autoconfigure.web.BasicErrorController.error(javax.servlet.http.HttpServletRequest)
2022-12-05 11:21:10.662[main][org.springframework.web.servlet.handler.AbstractUrlHandlerMapping:362] INFO  - Mapped URL path [/webjars/**] onto handler of type [class org.springframework.web.servlet.resource.ResourceHttpRequestHandler]
2022-12-05 11:21:10.663[main][org.springframework.web.servlet.handler.AbstractUrlHandlerMapping:362] INFO  - Mapped URL path [/**] onto handler of type [class org.springframework.web.servlet.resource.ResourceHttpRequestHandler]
2022-12-05 11:21:10.697[main][org.springframework.web.servlet.mvc.method.annotation.ExceptionHandlerExceptionResolver:273] INFO  - Detected @ExceptionHandler methods in baseExceptionHandler
2022-12-05 11:21:10.739[main][org.springframework.web.servlet.handler.AbstractUrlHandlerMapping:362] INFO  - Mapped URL path [/**/favicon.ico] onto handler of type [class org.springframework.web.servlet.resource.ResourceHttpRequestHandler]
2022-12-05 11:21:11.342[main][org.springframework.jmx.export.MBeanExporter:431] INFO  - Registering beans for JMX exposure on startup
2022-12-05 11:21:11.350[main][org.springframework.jmx.export.MBeanExporter:916] INFO  - Bean with name 'rabbitConnectionFactory' has been autodetected for JMX exposure
2022-12-05 11:21:11.353[main][org.springframework.jmx.export.MBeanExporter:678] INFO  - Located managed bean 'rabbitConnectionFactory': registering with JMX server as MBean [org.springframework.amqp.rabbit.connection:name=rabbitConnectionFactory,type=CachingConnectionFactory]
2022-12-05 11:21:11.384[main][org.springframework.context.support.DefaultLifecycleProcessor$LifecycleGroup:343] INFO  - Starting beans in phase -2147482648
2022-12-05 11:21:11.384[main][org.springframework.context.support.DefaultLifecycleProcessor$LifecycleGroup:343] INFO  - Starting beans in phase 2147483647
2022-12-05 11:21:11.403[main][org.apache.juli.logging.DirectJDKLog:179] INFO  - Initializing ProtocolHandler ["http-nio-8083"]
2022-12-05 11:21:11.419[main][org.apache.juli.logging.DirectJDKLog:179] INFO  - Starting ProtocolHandler [http-nio-8083]
2022-12-05 11:21:11.431[main][org.apache.juli.logging.DirectJDKLog:179] INFO  - Using a shared selector for servlet write/read
2022-12-05 11:21:11.481[main][org.springframework.boot.context.embedded.tomcat.TomcatEmbeddedServletContainer:198] INFO  - Tomcat started on port(s): 8083 (http)
2022-12-05 11:21:11.487[main][org.springframework.boot.StartupInfoLogger:57] INFO  - Started UserApplication in 9.956 seconds (JVM running for 13.932)
2022-12-05 11:21:11.488[main][com.lp.UserApplication:20] INFO  - 项目初始化完成
2022-12-05 11:21:17.980[http-nio-8083-exec-1][org.apache.juli.logging.DirectJDKLog:179] INFO  - Initializing Spring FrameworkServlet 'dispatcherServlet'
2022-12-05 11:21:17.981[http-nio-8083-exec-1][org.springframework.web.servlet.FrameworkServlet:489] INFO  - FrameworkServlet 'dispatcherServlet': initialization started
2022-12-05 11:21:18.021[http-nio-8083-exec-1][org.springframework.web.servlet.FrameworkServlet:508] INFO  - FrameworkServlet 'dispatcherServlet': initialization completed in 40 ms
2022-12-05 11:21:18.368[http-nio-8083-exec-1][org.hibernate.event.internal.DefaultLoadEventListener:129] INFO  - HHH000327: Error performing load command : org.hibernate.exception.SQLGrammarException: could not extract ResultSet
2022-12-05 11:22:40.083[main][org.springframework.boot.StartupInfoLogger:48] INFO  - Starting UserApplication on DESKTOP-T987IHU with PID 1580 (E:\github\tensquare_parent\tensquare_user\target\classes started by TY in E:\github\tensquare_parent)
2022-12-05 11:22:40.085[main][org.springframework.boot.SpringApplication:662] INFO  - No active profile set, falling back to default profiles: default
2022-12-05 11:22:40.253[main][org.springframework.context.support.AbstractApplicationContext:582] INFO  - Refreshing org.springframework.boot.context.embedded.AnnotationConfigEmbeddedWebApplicationContext@55183b20: startup date [Mon Dec 05 11:22:40 CST 2022]; root of context hierarchy
2022-12-05 11:22:40.539[background-preinit][org.hibernate.validator.internal.util.Version:30] INFO  - HV000001: Hibernate Validator 5.2.4.Final
2022-12-05 11:22:42.717[main][org.springframework.data.repository.config.RepositoryConfigurationDelegate:170] INFO  - Multiple Spring Data modules found, entering strict repository configuration mode!
2022-12-05 11:22:42.846[main][org.springframework.data.repository.config.RepositoryConfigurationDelegate:170] INFO  - Multiple Spring Data modules found, entering strict repository configuration mode!
2022-12-05 11:22:42.873[main][org.springframework.data.repository.config.RepositoryConfigurationExtensionSupport:283] INFO  - Spring Data Redis - Could not safely identify store assignment for repository candidate interface com.lp.dao.AdminDao.
2022-12-05 11:22:42.875[main][org.springframework.data.repository.config.RepositoryConfigurationExtensionSupport:283] INFO  - Spring Data Redis - Could not safely identify store assignment for repository candidate interface com.lp.dao.UserDao.
2022-12-05 11:22:43.346[main][org.springframework.context.support.PostProcessorRegistrationDelegate$BeanPostProcessorChecker:325] INFO  - Bean 'org.springframework.amqp.rabbit.annotation.RabbitBootstrapConfiguration' of type [org.springframework.amqp.rabbit.annotation.RabbitBootstrapConfiguration$$EnhancerBySpringCGLIB$$8a8a8b36] is not eligible for getting processed by all BeanPostProcessors (for example: not eligible for auto-proxying)
2022-12-05 11:22:43.453[main][org.springframework.context.support.PostProcessorRegistrationDelegate$BeanPostProcessorChecker:325] INFO  - Bean 'org.springframework.transaction.annotation.ProxyTransactionManagementConfiguration' of type [org.springframework.transaction.annotation.ProxyTransactionManagementConfiguration$$EnhancerBySpringCGLIB$$c41ecd08] is not eligible for getting processed by all BeanPostProcessors (for example: not eligible for auto-proxying)
2022-12-05 11:22:44.076[main][org.springframework.boot.context.embedded.tomcat.TomcatEmbeddedServletContainer:89] INFO  - Tomcat initialized with port(s): 8083 (http)
2022-12-05 11:22:44.087[main][org.apache.juli.logging.DirectJDKLog:179] INFO  - Starting service Tomcat
2022-12-05 11:22:44.089[main][org.apache.juli.logging.DirectJDKLog:179] INFO  - Starting Servlet Engine: Apache Tomcat/8.5.11
2022-12-05 11:22:44.220[localhost-startStop-1][org.apache.juli.logging.DirectJDKLog:179] INFO  - Initializing Spring embedded WebApplicationContext
2022-12-05 11:22:44.220[localhost-startStop-1][org.springframework.boot.context.embedded.EmbeddedWebApplicationContext:276] INFO  - Root WebApplicationContext: initialization completed in 3967 ms
2022-12-05 11:22:44.512[localhost-startStop-1][org.springframework.boot.web.servlet.AbstractFilterRegistrationBean:258] INFO  - Mapping filter: 'characterEncodingFilter' to: [/*]
2022-12-05 11:22:44.513[localhost-startStop-1][org.springframework.boot.web.servlet.AbstractFilterRegistrationBean:258] INFO  - Mapping filter: 'hiddenHttpMethodFilter' to: [/*]
2022-12-05 11:22:44.513[localhost-startStop-1][org.springframework.boot.web.servlet.AbstractFilterRegistrationBean:258] INFO  - Mapping filter: 'httpPutFormContentFilter' to: [/*]
2022-12-05 11:22:44.514[localhost-startStop-1][org.springframework.boot.web.servlet.AbstractFilterRegistrationBean:258] INFO  - Mapping filter: 'requestContextFilter' to: [/*]
2022-12-05 11:22:44.515[localhost-startStop-1][org.springframework.boot.web.servlet.AbstractFilterRegistrationBean:258] INFO  - Mapping filter: 'springSecurityFilterChain' to: [/*]
2022-12-05 11:22:44.516[localhost-startStop-1][org.springframework.boot.web.servlet.ServletRegistrationBean:190] INFO  - Mapping servlet: 'dispatcherServlet' to [/]
2022-12-05 11:22:45.089[main][org.springframework.orm.jpa.LocalContainerEntityManagerFactoryBean:349] INFO  - Building JPA container EntityManagerFactory for persistence unit 'default'
2022-12-05 11:22:45.188[main][org.hibernate.Version:37] INFO  - HHH000412: Hibernate Core {5.0.12.Final}
2022-12-05 11:22:45.190[main][org.hibernate.cfg.Environment:213] INFO  - HHH000206: hibernate.properties not found
2022-12-05 11:22:45.192[main][org.hibernate.cfg.Environment:317] INFO  - HHH000021: Bytecode provider name : javassist
2022-12-05 11:22:45.239[main][org.hibernate.annotations.common.reflection.java.JavaReflectionManager:66] INFO  - HCANN000001: Hibernate Commons Annotations {5.0.1.Final}
2022-12-05 11:22:45.396[main][org.hibernate.dialect.Dialect:156] INFO  - HHH000400: Using dialect: org.hibernate.dialect.MySQL5Dialect
2022-12-05 11:22:46.089[main][org.springframework.orm.jpa.AbstractEntityManagerFactoryBean:379] INFO  - Initialized JPA EntityManagerFactory for persistence unit 'default'
2022-12-05 11:22:47.196[main][org.springframework.boot.autoconfigure.security.AuthenticationManagerConfiguration$DefaultInMemoryUserDetailsManagerConfigurer:169] INFO  - 

Using default security password: f7f2bb53-a9c8-4d97-9444-da5f9e19ce69

2022-12-05 11:22:47.415[main][org.springframework.security.web.DefaultSecurityFilterChain:43] INFO  - Creating filter chain: org.springframework.security.web.util.matcher.AnyRequestMatcher@1, [org.springframework.security.web.context.request.async.WebAsyncManagerIntegrationFilter@f49e81a, org.springframework.security.web.context.SecurityContextPersistenceFilter@857f74a, org.springframework.security.web.header.HeaderWriterFilter@340c57e0, org.springframework.security.web.authentication.logout.LogoutFilter@2df71be0, org.springframework.security.web.savedrequest.RequestCacheAwareFilter@1f3c5308, org.springframework.security.web.servletapi.SecurityContextHolderAwareRequestFilter@5fc1e4fb, org.springframework.security.web.authentication.AnonymousAuthenticationFilter@1b444b5, org.springframework.security.web.session.SessionManagementFilter@6cee903a, org.springframework.security.web.access.ExceptionTranslationFilter@18faaff6, org.springframework.security.web.access.intercept.FilterSecurityInterceptor@6fd9dbe6]
2022-12-05 11:22:47.592[main][org.springframework.web.servlet.mvc.method.annotation.RequestMappingHandlerAdapter:534] INFO  - Looking for @ControllerAdvice: org.springframework.boot.context.embedded.AnnotationConfigEmbeddedWebApplicationContext@55183b20: startup date [Mon Dec 05 11:22:40 CST 2022]; root of context hierarchy
2022-12-05 11:22:47.714[main][org.springframework.web.servlet.handler.AbstractHandlerMethodMapping$MappingRegistry:543] INFO  - Mapped "{[/admin/reg],methods=[POST]}" onto public com.lp.common.entity.Result com.lp.controller.AdminController.regAdmin(com.lp.pojo.Admin)
2022-12-05 11:22:47.717[main][org.springframework.web.servlet.handler.AbstractHandlerMethodMapping$MappingRegistry:543] INFO  - Mapped "{[/user/register/{code}],methods=[POST]}" onto public com.lp.common.entity.Result com.lp.controller.UserController.register(com.lp.pojo.User,java.lang.String)
2022-12-05 11:22:47.720[main][org.springframework.web.servlet.handler.AbstractHandlerMethodMapping$MappingRegistry:543] INFO  - Mapped "{[/user/sendSms],methods=[POST]}" onto public com.lp.common.entity.Result com.lp.controller.UserController.sendSms(java.lang.String)
2022-12-05 11:22:47.730[main][org.springframework.web.servlet.handler.AbstractHandlerMethodMapping$MappingRegistry:543] INFO  - Mapped "{[/error]}" onto public org.springframework.http.ResponseEntity<java.util.Map<java.lang.String, java.lang.Object>> org.springframework.boot.autoconfigure.web.BasicErrorController.error(javax.servlet.http.HttpServletRequest)
2022-12-05 11:22:47.730[main][org.springframework.web.servlet.handler.AbstractHandlerMethodMapping$MappingRegistry:543] INFO  - Mapped "{[/error],produces=[text/html]}" onto public org.springframework.web.servlet.ModelAndView org.springframework.boot.autoconfigure.web.BasicErrorController.errorHtml(javax.servlet.http.HttpServletRequest,javax.servlet.http.HttpServletResponse)
2022-12-05 11:22:47.814[main][org.springframework.web.servlet.handler.AbstractUrlHandlerMapping:362] INFO  - Mapped URL path [/webjars/**] onto handler of type [class org.springframework.web.servlet.resource.ResourceHttpRequestHandler]
2022-12-05 11:22:47.814[main][org.springframework.web.servlet.handler.AbstractUrlHandlerMapping:362] INFO  - Mapped URL path [/**] onto handler of type [class org.springframework.web.servlet.resource.ResourceHttpRequestHandler]
2022-12-05 11:22:47.851[main][org.springframework.web.servlet.mvc.method.annotation.ExceptionHandlerExceptionResolver:273] INFO  - Detected @ExceptionHandler methods in baseExceptionHandler
2022-12-05 11:22:47.893[main][org.springframework.web.servlet.handler.AbstractUrlHandlerMapping:362] INFO  - Mapped URL path [/**/favicon.ico] onto handler of type [class org.springframework.web.servlet.resource.ResourceHttpRequestHandler]
2022-12-05 11:22:48.686[main][org.springframework.jmx.export.MBeanExporter:431] INFO  - Registering beans for JMX exposure on startup
2022-12-05 11:22:48.697[main][org.springframework.jmx.export.MBeanExporter:916] INFO  - Bean with name 'rabbitConnectionFactory' has been autodetected for JMX exposure
2022-12-05 11:22:48.704[main][org.springframework.jmx.export.MBeanExporter:678] INFO  - Located managed bean 'rabbitConnectionFactory': registering with JMX server as MBean [org.springframework.amqp.rabbit.connection:name=rabbitConnectionFactory,type=CachingConnectionFactory]
2022-12-05 11:22:48.735[main][org.springframework.context.support.DefaultLifecycleProcessor$LifecycleGroup:343] INFO  - Starting beans in phase -2147482648
2022-12-05 11:22:48.736[main][org.springframework.context.support.DefaultLifecycleProcessor$LifecycleGroup:343] INFO  - Starting beans in phase 2147483647
2022-12-05 11:22:48.761[main][org.apache.juli.logging.DirectJDKLog:179] INFO  - Initializing ProtocolHandler ["http-nio-8083"]
2022-12-05 11:22:48.779[main][org.apache.juli.logging.DirectJDKLog:179] INFO  - Starting ProtocolHandler [http-nio-8083]
2022-12-05 11:22:48.792[main][org.apache.juli.logging.DirectJDKLog:179] INFO  - Using a shared selector for servlet write/read
2022-12-05 11:22:48.812[main][org.springframework.boot.context.embedded.tomcat.TomcatEmbeddedServletContainer:198] INFO  - Tomcat started on port(s): 8083 (http)
2022-12-05 11:22:48.821[main][org.springframework.boot.StartupInfoLogger:57] INFO  - Started UserApplication in 10.129 seconds (JVM running for 13.584)
2022-12-05 11:22:48.822[main][com.lp.UserApplication:20] INFO  - 项目初始化完成
2022-12-05 11:22:57.335[http-nio-8083-exec-1][org.apache.juli.logging.DirectJDKLog:179] INFO  - Initializing Spring FrameworkServlet 'dispatcherServlet'
2022-12-05 11:22:57.336[http-nio-8083-exec-1][org.springframework.web.servlet.FrameworkServlet:489] INFO  - FrameworkServlet 'dispatcherServlet': initialization started
2022-12-05 11:22:57.381[http-nio-8083-exec-1][org.springframework.web.servlet.FrameworkServlet:508] INFO  - FrameworkServlet 'dispatcherServlet': initialization completed in 45 ms
2022-12-05 11:26:56.153[main][org.springframework.boot.StartupInfoLogger:48] INFO  - Starting UserApplication on DESKTOP-T987IHU with PID 11032 (E:\github\tensquare_parent\tensquare_user\target\classes started by TY in E:\github\tensquare_parent)
2022-12-05 11:26:56.155[main][org.springframework.boot.SpringApplication:662] INFO  - No active profile set, falling back to default profiles: default
2022-12-05 11:26:56.256[main][org.springframework.context.support.AbstractApplicationContext:582] INFO  - Refreshing org.springframework.boot.context.embedded.AnnotationConfigEmbeddedWebApplicationContext@55183b20: startup date [Mon Dec 05 11:26:56 CST 2022]; root of context hierarchy
2022-12-05 11:26:56.494[background-preinit][org.hibernate.validator.internal.util.Version:30] INFO  - HV000001: Hibernate Validator 5.2.4.Final
2022-12-05 11:26:58.953[main][org.springframework.data.repository.config.RepositoryConfigurationDelegate:170] INFO  - Multiple Spring Data modules found, entering strict repository configuration mode!
2022-12-05 11:26:59.111[main][org.springframework.data.repository.config.RepositoryConfigurationDelegate:170] INFO  - Multiple Spring Data modules found, entering strict repository configuration mode!
2022-12-05 11:26:59.144[main][org.springframework.data.repository.config.RepositoryConfigurationExtensionSupport:283] INFO  - Spring Data Redis - Could not safely identify store assignment for repository candidate interface com.lp.dao.AdminDao.
2022-12-05 11:26:59.146[main][org.springframework.data.repository.config.RepositoryConfigurationExtensionSupport:283] INFO  - Spring Data Redis - Could not safely identify store assignment for repository candidate interface com.lp.dao.UserDao.
2022-12-05 11:26:59.607[main][org.springframework.context.support.PostProcessorRegistrationDelegate$BeanPostProcessorChecker:325] INFO  - Bean 'org.springframework.amqp.rabbit.annotation.RabbitBootstrapConfiguration' of type [org.springframework.amqp.rabbit.annotation.RabbitBootstrapConfiguration$$EnhancerBySpringCGLIB$$2d68416d] is not eligible for getting processed by all BeanPostProcessors (for example: not eligible for auto-proxying)
2022-12-05 11:26:59.729[main][org.springframework.context.support.PostProcessorRegistrationDelegate$BeanPostProcessorChecker:325] INFO  - Bean 'org.springframework.transaction.annotation.ProxyTransactionManagementConfiguration' of type [org.springframework.transaction.annotation.ProxyTransactionManagementConfiguration$$EnhancerBySpringCGLIB$$66fc833f] is not eligible for getting processed by all BeanPostProcessors (for example: not eligible for auto-proxying)
2022-12-05 11:27:00.436[main][org.springframework.boot.context.embedded.tomcat.TomcatEmbeddedServletContainer:89] INFO  - Tomcat initialized with port(s): 8083 (http)
2022-12-05 11:27:00.453[main][org.apache.juli.logging.DirectJDKLog:179] INFO  - Starting service Tomcat
2022-12-05 11:27:00.455[main][org.apache.juli.logging.DirectJDKLog:179] INFO  - Starting Servlet Engine: Apache Tomcat/8.5.11
2022-12-05 11:27:00.661[localhost-startStop-1][org.apache.juli.logging.DirectJDKLog:179] INFO  - Initializing Spring embedded WebApplicationContext
2022-12-05 11:27:00.661[localhost-startStop-1][org.springframework.boot.context.embedded.EmbeddedWebApplicationContext:276] INFO  - Root WebApplicationContext: initialization completed in 4405 ms
2022-12-05 11:27:01.120[localhost-startStop-1][org.springframework.boot.web.servlet.AbstractFilterRegistrationBean:258] INFO  - Mapping filter: 'characterEncodingFilter' to: [/*]
2022-12-05 11:27:01.121[localhost-startStop-1][org.springframework.boot.web.servlet.AbstractFilterRegistrationBean:258] INFO  - Mapping filter: 'hiddenHttpMethodFilter' to: [/*]
2022-12-05 11:27:01.122[localhost-startStop-1][org.springframework.boot.web.servlet.AbstractFilterRegistrationBean:258] INFO  - Mapping filter: 'httpPutFormContentFilter' to: [/*]
2022-12-05 11:27:01.122[localhost-startStop-1][org.springframework.boot.web.servlet.AbstractFilterRegistrationBean:258] INFO  - Mapping filter: 'requestContextFilter' to: [/*]
2022-12-05 11:27:01.125[localhost-startStop-1][org.springframework.boot.web.servlet.AbstractFilterRegistrationBean:258] INFO  - Mapping filter: 'springSecurityFilterChain' to: [/*]
2022-12-05 11:27:01.126[localhost-startStop-1][org.springframework.boot.web.servlet.ServletRegistrationBean:190] INFO  - Mapping servlet: 'dispatcherServlet' to [/]
2022-12-05 11:27:01.954[main][org.springframework.orm.jpa.LocalContainerEntityManagerFactoryBean:349] INFO  - Building JPA container EntityManagerFactory for persistence unit 'default'
2022-12-05 11:27:02.081[main][org.hibernate.Version:37] INFO  - HHH000412: Hibernate Core {5.0.12.Final}
2022-12-05 11:27:02.083[main][org.hibernate.cfg.Environment:213] INFO  - HHH000206: hibernate.properties not found
2022-12-05 11:27:02.085[main][org.hibernate.cfg.Environment:317] INFO  - HHH000021: Bytecode provider name : javassist
2022-12-05 11:27:02.149[main][org.hibernate.annotations.common.reflection.java.JavaReflectionManager:66] INFO  - HCANN000001: Hibernate Commons Annotations {5.0.1.Final}
2022-12-05 11:27:02.366[main][org.hibernate.dialect.Dialect:156] INFO  - HHH000400: Using dialect: org.hibernate.dialect.MySQL5Dialect
2022-12-05 11:27:03.233[main][org.springframework.orm.jpa.AbstractEntityManagerFactoryBean:379] INFO  - Initialized JPA EntityManagerFactory for persistence unit 'default'
2022-12-05 11:27:04.477[main][org.springframework.boot.autoconfigure.security.AuthenticationManagerConfiguration$DefaultInMemoryUserDetailsManagerConfigurer:169] INFO  - 

Using default security password: 03ac0790-e982-486b-8580-26a66d0d02b2

2022-12-05 11:27:04.757[main][org.springframework.security.web.DefaultSecurityFilterChain:43] INFO  - Creating filter chain: org.springframework.security.web.util.matcher.AnyRequestMatcher@1, [org.springframework.security.web.context.request.async.WebAsyncManagerIntegrationFilter@12a6e8ed, org.springframework.security.web.context.SecurityContextPersistenceFilter@38cb1606, org.springframework.security.web.header.HeaderWriterFilter@30704f85, org.springframework.security.web.authentication.logout.LogoutFilter@5abbb273, org.springframework.security.web.savedrequest.RequestCacheAwareFilter@655909e2, org.springframework.security.web.servletapi.SecurityContextHolderAwareRequestFilter@41059616, org.springframework.security.web.authentication.AnonymousAuthenticationFilter@63b4b9c6, org.springframework.security.web.session.SessionManagementFilter@27dfd12b, org.springframework.security.web.access.ExceptionTranslationFilter@553fbe94, org.springframework.security.web.access.intercept.FilterSecurityInterceptor@523abba9]
2022-12-05 11:27:04.913[main][org.springframework.web.servlet.mvc.method.annotation.RequestMappingHandlerAdapter:534] INFO  - Looking for @ControllerAdvice: org.springframework.boot.context.embedded.AnnotationConfigEmbeddedWebApplicationContext@55183b20: startup date [Mon Dec 05 11:26:56 CST 2022]; root of context hierarchy
2022-12-05 11:27:05.006[main][org.springframework.web.servlet.handler.AbstractHandlerMethodMapping$MappingRegistry:543] INFO  - Mapped "{[/admin/reg],methods=[POST]}" onto public com.lp.common.entity.Result com.lp.controller.AdminController.regAdmin(com.lp.pojo.Admin)
2022-12-05 11:27:05.008[main][org.springframework.web.servlet.handler.AbstractHandlerMethodMapping$MappingRegistry:543] INFO  - Mapped "{[/user/register/{code}],methods=[POST]}" onto public com.lp.common.entity.Result com.lp.controller.UserController.register(com.lp.pojo.User,java.lang.String)
2022-12-05 11:27:05.009[main][org.springframework.web.servlet.handler.AbstractHandlerMethodMapping$MappingRegistry:543] INFO  - Mapped "{[/user/sendSms],methods=[POST]}" onto public com.lp.common.entity.Result com.lp.controller.UserController.sendSms(java.lang.String)
2022-12-05 11:27:05.013[main][org.springframework.web.servlet.handler.AbstractHandlerMethodMapping$MappingRegistry:543] INFO  - Mapped "{[/error]}" onto public org.springframework.http.ResponseEntity<java.util.Map<java.lang.String, java.lang.Object>> org.springframework.boot.autoconfigure.web.BasicErrorController.error(javax.servlet.http.HttpServletRequest)
2022-12-05 11:27:05.014[main][org.springframework.web.servlet.handler.AbstractHandlerMethodMapping$MappingRegistry:543] INFO  - Mapped "{[/error],produces=[text/html]}" onto public org.springframework.web.servlet.ModelAndView org.springframework.boot.autoconfigure.web.BasicErrorController.errorHtml(javax.servlet.http.HttpServletRequest,javax.servlet.http.HttpServletResponse)
2022-12-05 11:27:05.082[main][org.springframework.web.servlet.handler.AbstractUrlHandlerMapping:362] INFO  - Mapped URL path [/webjars/**] onto handler of type [class org.springframework.web.servlet.resource.ResourceHttpRequestHandler]
2022-12-05 11:27:05.082[main][org.springframework.web.servlet.handler.AbstractUrlHandlerMapping:362] INFO  - Mapped URL path [/**] onto handler of type [class org.springframework.web.servlet.resource.ResourceHttpRequestHandler]
2022-12-05 11:27:05.127[main][org.springframework.web.servlet.mvc.method.annotation.ExceptionHandlerExceptionResolver:273] INFO  - Detected @ExceptionHandler methods in baseExceptionHandler
2022-12-05 11:27:05.182[main][org.springframework.web.servlet.handler.AbstractUrlHandlerMapping:362] INFO  - Mapped URL path [/**/favicon.ico] onto handler of type [class org.springframework.web.servlet.resource.ResourceHttpRequestHandler]
2022-12-05 11:27:05.851[main][org.springframework.jmx.export.MBeanExporter:431] INFO  - Registering beans for JMX exposure on startup
2022-12-05 11:27:05.859[main][org.springframework.jmx.export.MBeanExporter:916] INFO  - Bean with name 'rabbitConnectionFactory' has been autodetected for JMX exposure
2022-12-05 11:27:05.862[main][org.springframework.jmx.export.MBeanExporter:678] INFO  - Located managed bean 'rabbitConnectionFactory': registering with JMX server as MBean [org.springframework.amqp.rabbit.connection:name=rabbitConnectionFactory,type=CachingConnectionFactory]
2022-12-05 11:27:05.883[main][org.springframework.context.support.DefaultLifecycleProcessor$LifecycleGroup:343] INFO  - Starting beans in phase -2147482648
2022-12-05 11:27:05.884[main][org.springframework.context.support.DefaultLifecycleProcessor$LifecycleGroup:343] INFO  - Starting beans in phase 2147483647
2022-12-05 11:27:05.906[main][org.apache.juli.logging.DirectJDKLog:179] INFO  - Initializing ProtocolHandler ["http-nio-8083"]
2022-12-05 11:27:05.917[main][org.apache.juli.logging.DirectJDKLog:179] INFO  - Starting ProtocolHandler [http-nio-8083]
2022-12-05 11:27:05.930[main][org.apache.juli.logging.DirectJDKLog:179] INFO  - Using a shared selector for servlet write/read
2022-12-05 11:27:05.950[main][org.springframework.boot.context.embedded.tomcat.TomcatEmbeddedServletContainer:198] INFO  - Tomcat started on port(s): 8083 (http)
2022-12-05 11:27:05.956[main][org.springframework.boot.StartupInfoLogger:57] INFO  - Started UserApplication in 11.418 seconds (JVM running for 15.173)
2022-12-05 11:27:05.957[main][com.lp.UserApplication:20] INFO  - 项目初始化完成
2022-12-05 11:27:09.048[http-nio-8083-exec-2][org.apache.juli.logging.DirectJDKLog:179] INFO  - Initializing Spring FrameworkServlet 'dispatcherServlet'
2022-12-05 11:27:09.049[http-nio-8083-exec-2][org.springframework.web.servlet.FrameworkServlet:489] INFO  - FrameworkServlet 'dispatcherServlet': initialization started
2022-12-05 11:27:09.092[http-nio-8083-exec-2][org.springframework.web.servlet.FrameworkServlet:508] INFO  - FrameworkServlet 'dispatcherServlet': initialization completed in 43 ms
2022-12-05 11:27:57.885[main][org.springframework.boot.StartupInfoLogger:48] INFO  - Starting UserApplication on DESKTOP-T987IHU with PID 12248 (E:\github\tensquare_parent\tensquare_user\target\classes started by TY in E:\github\tensquare_parent)
2022-12-05 11:27:57.887[main][org.springframework.boot.SpringApplication:662] INFO  - No active profile set, falling back to default profiles: default
2022-12-05 11:27:57.979[main][org.springframework.context.support.AbstractApplicationContext:582] INFO  - Refreshing org.springframework.boot.context.embedded.AnnotationConfigEmbeddedWebApplicationContext@55183b20: startup date [Mon Dec 05 11:27:57 CST 2022]; root of context hierarchy
2022-12-05 11:27:58.163[background-preinit][org.hibernate.validator.internal.util.Version:30] INFO  - HV000001: Hibernate Validator 5.2.4.Final
2022-12-05 11:28:00.184[main][org.springframework.data.repository.config.RepositoryConfigurationDelegate:170] INFO  - Multiple Spring Data modules found, entering strict repository configuration mode!
2022-12-05 11:28:00.291[main][org.springframework.data.repository.config.RepositoryConfigurationDelegate:170] INFO  - Multiple Spring Data modules found, entering strict repository configuration mode!
2022-12-05 11:28:00.314[main][org.springframework.data.repository.config.RepositoryConfigurationExtensionSupport:283] INFO  - Spring Data Redis - Could not safely identify store assignment for repository candidate interface com.lp.dao.AdminDao.
2022-12-05 11:28:00.315[main][org.springframework.data.repository.config.RepositoryConfigurationExtensionSupport:283] INFO  - Spring Data Redis - Could not safely identify store assignment for repository candidate interface com.lp.dao.UserDao.
2022-12-05 11:28:00.672[main][org.springframework.context.support.PostProcessorRegistrationDelegate$BeanPostProcessorChecker:325] INFO  - Bean 'org.springframework.amqp.rabbit.annotation.RabbitBootstrapConfiguration' of type [org.springframework.amqp.rabbit.annotation.RabbitBootstrapConfiguration$$EnhancerBySpringCGLIB$$369545b7] is not eligible for getting processed by all BeanPostProcessors (for example: not eligible for auto-proxying)
2022-12-05 11:28:00.769[main][org.springframework.context.support.PostProcessorRegistrationDelegate$BeanPostProcessorChecker:325] INFO  - Bean 'org.springframework.transaction.annotation.ProxyTransactionManagementConfiguration' of type [org.springframework.transaction.annotation.ProxyTransactionManagementConfiguration$$EnhancerBySpringCGLIB$$70298789] is not eligible for getting processed by all BeanPostProcessors (for example: not eligible for auto-proxying)
2022-12-05 11:28:01.307[main][org.springframework.boot.context.embedded.tomcat.TomcatEmbeddedServletContainer:89] INFO  - Tomcat initialized with port(s): 8083 (http)
2022-12-05 11:28:01.317[main][org.apache.juli.logging.DirectJDKLog:179] INFO  - Starting service Tomcat
2022-12-05 11:28:01.318[main][org.apache.juli.logging.DirectJDKLog:179] INFO  - Starting Servlet Engine: Apache Tomcat/8.5.11
2022-12-05 11:28:01.431[localhost-startStop-1][org.apache.juli.logging.DirectJDKLog:179] INFO  - Initializing Spring embedded WebApplicationContext
2022-12-05 11:28:01.431[localhost-startStop-1][org.springframework.boot.context.embedded.EmbeddedWebApplicationContext:276] INFO  - Root WebApplicationContext: initialization completed in 3452 ms
2022-12-05 11:28:01.738[localhost-startStop-1][org.springframework.boot.web.servlet.AbstractFilterRegistrationBean:258] INFO  - Mapping filter: 'characterEncodingFilter' to: [/*]
2022-12-05 11:28:01.738[localhost-startStop-1][org.springframework.boot.web.servlet.AbstractFilterRegistrationBean:258] INFO  - Mapping filter: 'hiddenHttpMethodFilter' to: [/*]
2022-12-05 11:28:01.738[localhost-startStop-1][org.springframework.boot.web.servlet.AbstractFilterRegistrationBean:258] INFO  - Mapping filter: 'httpPutFormContentFilter' to: [/*]
2022-12-05 11:28:01.738[localhost-startStop-1][org.springframework.boot.web.servlet.AbstractFilterRegistrationBean:258] INFO  - Mapping filter: 'requestContextFilter' to: [/*]
2022-12-05 11:28:01.740[localhost-startStop-1][org.springframework.boot.web.servlet.AbstractFilterRegistrationBean:258] INFO  - Mapping filter: 'springSecurityFilterChain' to: [/*]
2022-12-05 11:28:01.741[localhost-startStop-1][org.springframework.boot.web.servlet.ServletRegistrationBean:190] INFO  - Mapping servlet: 'dispatcherServlet' to [/]
2022-12-05 11:28:02.288[main][org.springframework.orm.jpa.LocalContainerEntityManagerFactoryBean:349] INFO  - Building JPA container EntityManagerFactory for persistence unit 'default'
2022-12-05 11:28:02.379[main][org.hibernate.Version:37] INFO  - HHH000412: Hibernate Core {5.0.12.Final}
2022-12-05 11:28:02.381[main][org.hibernate.cfg.Environment:213] INFO  - HHH000206: hibernate.properties not found
2022-12-05 11:28:02.382[main][org.hibernate.cfg.Environment:317] INFO  - HHH000021: Bytecode provider name : javassist
2022-12-05 11:28:02.423[main][org.hibernate.annotations.common.reflection.java.JavaReflectionManager:66] INFO  - HCANN000001: Hibernate Commons Annotations {5.0.1.Final}
2022-12-05 11:28:02.555[main][org.hibernate.dialect.Dialect:156] INFO  - HHH000400: Using dialect: org.hibernate.dialect.MySQL5Dialect
2022-12-05 11:28:03.174[main][org.springframework.orm.jpa.AbstractEntityManagerFactoryBean:379] INFO  - Initialized JPA EntityManagerFactory for persistence unit 'default'
2022-12-05 11:28:04.021[main][org.springframework.boot.autoconfigure.security.AuthenticationManagerConfiguration$DefaultInMemoryUserDetailsManagerConfigurer:169] INFO  - 

Using default security password: e6c87b3a-37c7-41b3-9fa0-8041dcbe3b5e

2022-12-05 11:28:04.162[main][org.springframework.security.web.DefaultSecurityFilterChain:43] INFO  - Creating filter chain: org.springframework.security.web.util.matcher.AnyRequestMatcher@1, [org.springframework.security.web.context.request.async.WebAsyncManagerIntegrationFilter@2558f65c, org.springframework.security.web.context.SecurityContextPersistenceFilter@68821f6, org.springframework.security.web.header.HeaderWriterFilter@24fef542, org.springframework.security.web.authentication.logout.LogoutFilter@5996d6f2, org.springframework.security.web.savedrequest.RequestCacheAwareFilter@40a28bda, org.springframework.security.web.servletapi.SecurityContextHolderAwareRequestFilter@15d79b70, org.springframework.security.web.authentication.AnonymousAuthenticationFilter@11c3ce6a, org.springframework.security.web.session.SessionManagementFilter@195498aa, org.springframework.security.web.access.ExceptionTranslationFilter@47ef5a33, org.springframework.security.web.access.intercept.FilterSecurityInterceptor@2b2b7e3c]
2022-12-05 11:28:04.315[main][org.springframework.web.servlet.mvc.method.annotation.RequestMappingHandlerAdapter:534] INFO  - Looking for @ControllerAdvice: org.springframework.boot.context.embedded.AnnotationConfigEmbeddedWebApplicationContext@55183b20: startup date [Mon Dec 05 11:27:57 CST 2022]; root of context hierarchy
2022-12-05 11:28:04.404[main][org.springframework.web.servlet.handler.AbstractHandlerMethodMapping$MappingRegistry:543] INFO  - Mapped "{[/admin/reg],methods=[POST]}" onto public com.lp.common.entity.Result com.lp.controller.AdminController.regAdmin(com.lp.pojo.Admin)
2022-12-05 11:28:04.406[main][org.springframework.web.servlet.handler.AbstractHandlerMethodMapping$MappingRegistry:543] INFO  - Mapped "{[/user/register/{code}],methods=[POST]}" onto public com.lp.common.entity.Result com.lp.controller.UserController.register(com.lp.pojo.User,java.lang.String)
2022-12-05 11:28:04.407[main][org.springframework.web.servlet.handler.AbstractHandlerMethodMapping$MappingRegistry:543] INFO  - Mapped "{[/user/sendSms],methods=[POST]}" onto public com.lp.common.entity.Result com.lp.controller.UserController.sendSms(java.lang.String)
2022-12-05 11:28:04.413[main][org.springframework.web.servlet.handler.AbstractHandlerMethodMapping$MappingRegistry:543] INFO  - Mapped "{[/error]}" onto public org.springframework.http.ResponseEntity<java.util.Map<java.lang.String, java.lang.Object>> org.springframework.boot.autoconfigure.web.BasicErrorController.error(javax.servlet.http.HttpServletRequest)
2022-12-05 11:28:04.413[main][org.springframework.web.servlet.handler.AbstractHandlerMethodMapping$MappingRegistry:543] INFO  - Mapped "{[/error],produces=[text/html]}" onto public org.springframework.web.servlet.ModelAndView org.springframework.boot.autoconfigure.web.BasicErrorController.errorHtml(javax.servlet.http.HttpServletRequest,javax.servlet.http.HttpServletResponse)
2022-12-05 11:28:04.488[main][org.springframework.web.servlet.handler.AbstractUrlHandlerMapping:362] INFO  - Mapped URL path [/webjars/**] onto handler of type [class org.springframework.web.servlet.resource.ResourceHttpRequestHandler]
2022-12-05 11:28:04.488[main][org.springframework.web.servlet.handler.AbstractUrlHandlerMapping:362] INFO  - Mapped URL path [/**] onto handler of type [class org.springframework.web.servlet.resource.ResourceHttpRequestHandler]
2022-12-05 11:28:04.531[main][org.springframework.web.servlet.mvc.method.annotation.ExceptionHandlerExceptionResolver:273] INFO  - Detected @ExceptionHandler methods in baseExceptionHandler
2022-12-05 11:28:04.585[main][org.springframework.web.servlet.handler.AbstractUrlHandlerMapping:362] INFO  - Mapped URL path [/**/favicon.ico] onto handler of type [class org.springframework.web.servlet.resource.ResourceHttpRequestHandler]
2022-12-05 11:28:05.255[main][org.springframework.jmx.export.MBeanExporter:431] INFO  - Registering beans for JMX exposure on startup
2022-12-05 11:28:05.264[main][org.springframework.jmx.export.MBeanExporter:916] INFO  - Bean with name 'rabbitConnectionFactory' has been autodetected for JMX exposure
2022-12-05 11:28:05.267[main][org.springframework.jmx.export.MBeanExporter:678] INFO  - Located managed bean 'rabbitConnectionFactory': registering with JMX server as MBean [org.springframework.amqp.rabbit.connection:name=rabbitConnectionFactory,type=CachingConnectionFactory]
2022-12-05 11:28:05.289[main][org.springframework.context.support.DefaultLifecycleProcessor$LifecycleGroup:343] INFO  - Starting beans in phase -2147482648
2022-12-05 11:28:05.290[main][org.springframework.context.support.DefaultLifecycleProcessor$LifecycleGroup:343] INFO  - Starting beans in phase 2147483647
2022-12-05 11:28:05.308[main][org.apache.juli.logging.DirectJDKLog:179] INFO  - Initializing ProtocolHandler ["http-nio-8083"]
2022-12-05 11:28:05.319[main][org.apache.juli.logging.DirectJDKLog:179] INFO  - Starting ProtocolHandler [http-nio-8083]
2022-12-05 11:28:05.341[main][org.apache.juli.logging.DirectJDKLog:179] INFO  - Using a shared selector for servlet write/read
2022-12-05 11:28:05.361[main][org.springframework.boot.context.embedded.tomcat.TomcatEmbeddedServletContainer:198] INFO  - Tomcat started on port(s): 8083 (http)
2022-12-05 11:28:05.367[main][org.springframework.boot.StartupInfoLogger:57] INFO  - Started UserApplication in 8.822 seconds (JVM running for 11.903)
2022-12-05 11:28:05.367[main][com.lp.UserApplication:22] INFO  - 项目初始化完成
2022-12-05 11:28:32.140[http-nio-8083-exec-2][org.apache.juli.logging.DirectJDKLog:179] INFO  - Initializing Spring FrameworkServlet 'dispatcherServlet'
2022-12-05 11:28:32.141[http-nio-8083-exec-2][org.springframework.web.servlet.FrameworkServlet:489] INFO  - FrameworkServlet 'dispatcherServlet': initialization started
2022-12-05 11:28:32.176[http-nio-8083-exec-2][org.springframework.web.servlet.FrameworkServlet:508] INFO  - FrameworkServlet 'dispatcherServlet': initialization completed in 35 ms
