2022-11-18 09:50:44.478[main][org.springframework.boot.StartupInfoLogger:48] INFO  - Starting BaseApplication on DESKTOP-T987IHU with PID 14808 (D:\Projects\java_resurce\lipeng_service\tensquare_parent\tensquare_base\target\classes started by TY in D:\Projects\java_resurce\lipeng_service\tensquare_parent)
2022-11-18 09:50:44.480[main][org.springframework.boot.SpringApplication:662] INFO  - No active profile set, falling back to default profiles: default
2022-11-18 09:50:44.586[main][org.springframework.context.support.AbstractApplicationContext:582] INFO  - Refreshing org.springframework.boot.context.embedded.AnnotationConfigEmbeddedWebApplicationContext@72d1ad2e: startup date [Fri Nov 18 09:50:44 CST 2022]; root of context hierarchy
2022-11-18 09:50:44.874[background-preinit][org.hibernate.validator.internal.util.Version:30] INFO  - HV000001: Hibernate Validator 5.2.4.Final
2022-11-18 09:50:46.823[main][org.springframework.context.support.PostProcessorRegistrationDelegate$BeanPostProcessorChecker:325] INFO  - Bean 'org.springframework.transaction.annotation.ProxyTransactionManagementConfiguration' of type [org.springframework.transaction.annotation.ProxyTransactionManagementConfiguration$$EnhancerBySpringCGLIB$$cd37226b] is not eligible for getting processed by all BeanPostProcessors (for example: not eligible for auto-proxying)
2022-11-18 09:50:47.339[main][org.springframework.boot.context.embedded.tomcat.TomcatEmbeddedServletContainer:89] INFO  - Tomcat initialized with port(s): 9001 (http)
2022-11-18 09:50:47.351[main][org.apache.juli.logging.DirectJDKLog:179] INFO  - Starting service Tomcat
2022-11-18 09:50:47.352[main][org.apache.juli.logging.DirectJDKLog:179] INFO  - Starting Servlet Engine: Apache Tomcat/8.5.11
2022-11-18 09:50:47.461[localhost-startStop-1][org.apache.juli.logging.DirectJDKLog:179] INFO  - Initializing Spring embedded WebApplicationContext
2022-11-18 09:50:47.461[localhost-startStop-1][org.springframework.boot.context.embedded.EmbeddedWebApplicationContext:276] INFO  - Root WebApplicationContext: initialization completed in 2875 ms
2022-11-18 09:50:47.689[localhost-startStop-1][org.springframework.boot.web.servlet.ServletRegistrationBean:190] INFO  - Mapping servlet: 'dispatcherServlet' to [/]
2022-11-18 09:50:47.695[localhost-startStop-1][org.springframework.boot.web.servlet.AbstractFilterRegistrationBean:258] INFO  - Mapping filter: 'characterEncodingFilter' to: [/*]
2022-11-18 09:50:47.695[localhost-startStop-1][org.springframework.boot.web.servlet.AbstractFilterRegistrationBean:258] INFO  - Mapping filter: 'hiddenHttpMethodFilter' to: [/*]
2022-11-18 09:50:47.695[localhost-startStop-1][org.springframework.boot.web.servlet.AbstractFilterRegistrationBean:258] INFO  - Mapping filter: 'httpPutFormContentFilter' to: [/*]
2022-11-18 09:50:47.696[localhost-startStop-1][org.springframework.boot.web.servlet.AbstractFilterRegistrationBean:258] INFO  - Mapping filter: 'requestContextFilter' to: [/*]
2022-11-18 09:50:48.341[main][org.springframework.orm.jpa.LocalContainerEntityManagerFactoryBean:349] INFO  - Building JPA container EntityManagerFactory for persistence unit 'default'
2022-11-18 09:50:48.453[main][org.hibernate.Version:37] INFO  - HHH000412: Hibernate Core {5.0.12.Final}
2022-11-18 09:50:48.455[main][org.hibernate.cfg.Environment:213] INFO  - HHH000206: hibernate.properties not found
2022-11-18 09:50:48.456[main][org.hibernate.cfg.Environment:317] INFO  - HHH000021: Bytecode provider name : javassist
2022-11-18 09:50:48.511[main][org.hibernate.annotations.common.reflection.java.JavaReflectionManager:66] INFO  - HCANN000001: Hibernate Commons Annotations {5.0.1.Final}
2022-11-18 09:50:48.711[main][org.hibernate.dialect.Dialect:156] INFO  - HHH000400: Using dialect: org.hibernate.dialect.MySQL5Dialect
2022-11-18 09:50:49.414[main][org.hibernate.tool.hbm2ddl.SchemaUpdate:105] INFO  - HHH000228: Running hbm2ddl schema update
2022-11-18 09:50:49.990[main][org.springframework.orm.jpa.AbstractEntityManagerFactoryBean:379] INFO  - Initialized JPA EntityManagerFactory for persistence unit 'default'
2022-11-18 09:50:50.322[main][org.hibernate.hql.internal.QueryTranslatorFactoryInitiator:47] INFO  - HHH000397: Using ASTQueryTranslatorFactory
2022-11-18 09:50:50.754[main][org.springframework.web.servlet.mvc.method.annotation.RequestMappingHandlerAdapter:534] INFO  - Looking for @ControllerAdvice: org.springframework.boot.context.embedded.AnnotationConfigEmbeddedWebApplicationContext@72d1ad2e: startup date [Fri Nov 18 09:50:44 CST 2022]; root of context hierarchy
2022-11-18 09:50:50.825[main][org.springframework.web.servlet.handler.AbstractHandlerMethodMapping$MappingRegistry:543] INFO  - Mapped "{[/enterprise/list],methods=[GET]}" onto public com.lp.common.entity.Result com.lp.base.controller.EnterpriseController.findAll()
2022-11-18 09:50:50.829[main][org.springframework.web.servlet.handler.AbstractHandlerMethodMapping$MappingRegistry:543] INFO  - Mapped "{[/label/search],methods=[POST]}" onto public com.lp.common.entity.Result com.lp.base.controller.LabelController.search(java.util.Map) throws java.lang.Exception
2022-11-18 09:50:50.829[main][org.springframework.web.servlet.handler.AbstractHandlerMethodMapping$MappingRegistry:543] INFO  - Mapped "{[/label/list],methods=[GET]}" onto public com.lp.common.entity.Result com.lp.base.controller.LabelController.findAll()
2022-11-18 09:50:50.830[main][org.springframework.web.servlet.handler.AbstractHandlerMethodMapping$MappingRegistry:543] INFO  - Mapped "{[/label/search/{page}/{size}],methods=[POST]}" onto public com.lp.common.entity.Result com.lp.base.controller.LabelController.pageSearch(java.util.Map,int,int) throws java.lang.Exception
2022-11-18 09:50:50.831[main][org.springframework.web.servlet.handler.AbstractHandlerMethodMapping$MappingRegistry:543] INFO  - Mapped "{[/recruit/list],methods=[GET]}" onto public com.lp.common.entity.Result com.lp.base.controller.RecruitController.findAll()
2022-11-18 09:50:50.832[main][org.springframework.web.servlet.handler.AbstractHandlerMethodMapping$MappingRegistry:543] INFO  - Mapped "{[/recruit/state/{state}],methods=[GET]}" onto public com.lp.common.entity.Result com.lp.base.controller.RecruitController.findOpen(java.lang.String)
2022-11-18 09:50:50.838[main][org.springframework.web.servlet.handler.AbstractHandlerMethodMapping$MappingRegistry:543] INFO  - Mapped "{[/error]}" onto public org.springframework.http.ResponseEntity<java.util.Map<java.lang.String, java.lang.Object>> org.springframework.boot.autoconfigure.web.BasicErrorController.error(javax.servlet.http.HttpServletRequest)
2022-11-18 09:50:50.838[main][org.springframework.web.servlet.handler.AbstractHandlerMethodMapping$MappingRegistry:543] INFO  - Mapped "{[/error],produces=[text/html]}" onto public org.springframework.web.servlet.ModelAndView org.springframework.boot.autoconfigure.web.BasicErrorController.errorHtml(javax.servlet.http.HttpServletRequest,javax.servlet.http.HttpServletResponse)
2022-11-18 09:50:50.886[main][org.springframework.web.servlet.handler.AbstractUrlHandlerMapping:362] INFO  - Mapped URL path [/webjars/**] onto handler of type [class org.springframework.web.servlet.resource.ResourceHttpRequestHandler]
2022-11-18 09:50:50.886[main][org.springframework.web.servlet.handler.AbstractUrlHandlerMapping:362] INFO  - Mapped URL path [/**] onto handler of type [class org.springframework.web.servlet.resource.ResourceHttpRequestHandler]
2022-11-18 09:50:50.956[main][org.springframework.web.servlet.handler.AbstractUrlHandlerMapping:362] INFO  - Mapped URL path [/**/favicon.ico] onto handler of type [class org.springframework.web.servlet.resource.ResourceHttpRequestHandler]
2022-11-18 09:50:51.266[main][org.springframework.jmx.export.MBeanExporter:431] INFO  - Registering beans for JMX exposure on startup
2022-11-18 09:50:51.294[main][org.apache.juli.logging.DirectJDKLog:179] INFO  - Initializing ProtocolHandler ["http-nio-9001"]
2022-11-18 09:50:51.306[main][org.apache.juli.logging.DirectJDKLog:179] INFO  - Starting ProtocolHandler [http-nio-9001]
2022-11-18 09:50:51.317[main][org.apache.juli.logging.DirectJDKLog:179] INFO  - Using a shared selector for servlet write/read
2022-11-18 09:50:51.336[main][org.springframework.boot.context.embedded.tomcat.TomcatEmbeddedServletContainer:198] INFO  - Tomcat started on port(s): 9001 (http)
2022-11-18 09:50:51.342[main][org.springframework.boot.StartupInfoLogger:57] INFO  - Started BaseApplication in 8.002 seconds (JVM running for 11.215)
2022-11-18 09:50:51.342[main][com.lp.base.BaseApplication:18] INFO  - 项目初始化完成
2022-11-18 10:51:10.956[main][org.springframework.boot.StartupInfoLogger:48] INFO  - Starting BaseApplication on DESKTOP-T987IHU with PID 14616 (D:\Projects\java_resurce\lipeng_service\tensquare_parent\tensquare_base\target\classes started by TY in D:\Projects\java_resurce\lipeng_service\tensquare_parent)
2022-11-18 10:51:10.958[main][org.springframework.boot.SpringApplication:662] INFO  - No active profile set, falling back to default profiles: default
2022-11-18 10:51:11.028[main][org.springframework.context.support.AbstractApplicationContext:582] INFO  - Refreshing org.springframework.boot.context.embedded.AnnotationConfigEmbeddedWebApplicationContext@72d1ad2e: startup date [Fri Nov 18 10:51:11 CST 2022]; root of context hierarchy
2022-11-18 10:51:11.203[background-preinit][org.hibernate.validator.internal.util.Version:30] INFO  - HV000001: Hibernate Validator 5.2.4.Final
2022-11-18 10:51:13.107[main][org.springframework.context.support.PostProcessorRegistrationDelegate$BeanPostProcessorChecker:325] INFO  - Bean 'org.springframework.transaction.annotation.ProxyTransactionManagementConfiguration' of type [org.springframework.transaction.annotation.ProxyTransactionManagementConfiguration$$EnhancerBySpringCGLIB$$143572e6] is not eligible for getting processed by all BeanPostProcessors (for example: not eligible for auto-proxying)
2022-11-18 10:51:13.695[main][org.springframework.boot.context.embedded.tomcat.TomcatEmbeddedServletContainer:89] INFO  - Tomcat initialized with port(s): 9001 (http)
2022-11-18 10:51:13.706[main][org.apache.juli.logging.DirectJDKLog:179] INFO  - Starting service Tomcat
2022-11-18 10:51:13.707[main][org.apache.juli.logging.DirectJDKLog:179] INFO  - Starting Servlet Engine: Apache Tomcat/8.5.11
2022-11-18 10:51:13.824[localhost-startStop-1][org.apache.juli.logging.DirectJDKLog:179] INFO  - Initializing Spring embedded WebApplicationContext
2022-11-18 10:51:13.824[localhost-startStop-1][org.springframework.boot.context.embedded.EmbeddedWebApplicationContext:276] INFO  - Root WebApplicationContext: initialization completed in 2796 ms
2022-11-18 10:51:14.053[localhost-startStop-1][org.springframework.boot.web.servlet.ServletRegistrationBean:190] INFO  - Mapping servlet: 'dispatcherServlet' to [/]
2022-11-18 10:51:14.058[localhost-startStop-1][org.springframework.boot.web.servlet.AbstractFilterRegistrationBean:258] INFO  - Mapping filter: 'characterEncodingFilter' to: [/*]
2022-11-18 10:51:14.059[localhost-startStop-1][org.springframework.boot.web.servlet.AbstractFilterRegistrationBean:258] INFO  - Mapping filter: 'hiddenHttpMethodFilter' to: [/*]
2022-11-18 10:51:14.060[localhost-startStop-1][org.springframework.boot.web.servlet.AbstractFilterRegistrationBean:258] INFO  - Mapping filter: 'httpPutFormContentFilter' to: [/*]
2022-11-18 10:51:14.060[localhost-startStop-1][org.springframework.boot.web.servlet.AbstractFilterRegistrationBean:258] INFO  - Mapping filter: 'requestContextFilter' to: [/*]
2022-11-18 10:51:14.717[main][org.springframework.orm.jpa.LocalContainerEntityManagerFactoryBean:349] INFO  - Building JPA container EntityManagerFactory for persistence unit 'default'
2022-11-18 10:51:14.882[main][org.hibernate.Version:37] INFO  - HHH000412: Hibernate Core {5.0.12.Final}
2022-11-18 10:51:14.886[main][org.hibernate.cfg.Environment:213] INFO  - HHH000206: hibernate.properties not found
2022-11-18 10:51:14.888[main][org.hibernate.cfg.Environment:317] INFO  - HHH000021: Bytecode provider name : javassist
2022-11-18 10:51:15.003[main][org.hibernate.annotations.common.reflection.java.JavaReflectionManager:66] INFO  - HCANN000001: Hibernate Commons Annotations {5.0.1.Final}
2022-11-18 10:51:15.427[main][org.hibernate.dialect.Dialect:156] INFO  - HHH000400: Using dialect: org.hibernate.dialect.MySQL5Dialect
2022-11-18 10:51:16.870[main][org.hibernate.tool.hbm2ddl.SchemaUpdate:105] INFO  - HHH000228: Running hbm2ddl schema update
2022-11-18 10:51:17.856[main][org.springframework.orm.jpa.AbstractEntityManagerFactoryBean:379] INFO  - Initialized JPA EntityManagerFactory for persistence unit 'default'
2022-11-18 10:51:18.247[main][org.hibernate.hql.internal.QueryTranslatorFactoryInitiator:47] INFO  - HHH000397: Using ASTQueryTranslatorFactory
2022-11-18 10:51:18.883[main][org.springframework.web.servlet.mvc.method.annotation.RequestMappingHandlerAdapter:534] INFO  - Looking for @ControllerAdvice: org.springframework.boot.context.embedded.AnnotationConfigEmbeddedWebApplicationContext@72d1ad2e: startup date [Fri Nov 18 10:51:11 CST 2022]; root of context hierarchy
2022-11-18 10:51:19.022[main][org.springframework.web.servlet.handler.AbstractHandlerMethodMapping$MappingRegistry:543] INFO  - Mapped "{[/enterprise/list],methods=[GET]}" onto public com.lp.common.entity.Result com.lp.base.controller.EnterpriseController.findAll()
2022-11-18 10:51:19.029[main][org.springframework.web.servlet.handler.AbstractHandlerMethodMapping$MappingRegistry:543] INFO  - Mapped "{[/label/search/{page}/{size}],methods=[POST]}" onto public com.lp.common.entity.Result com.lp.base.controller.LabelController.pageSearch(java.util.Map,int,int) throws java.lang.Exception
2022-11-18 10:51:19.029[main][org.springframework.web.servlet.handler.AbstractHandlerMethodMapping$MappingRegistry:543] INFO  - Mapped "{[/label/list],methods=[GET]}" onto public com.lp.common.entity.Result com.lp.base.controller.LabelController.findAll()
2022-11-18 10:51:19.030[main][org.springframework.web.servlet.handler.AbstractHandlerMethodMapping$MappingRegistry:543] INFO  - Mapped "{[/label/search],methods=[POST]}" onto public com.lp.common.entity.Result com.lp.base.controller.LabelController.search(java.util.Map) throws java.lang.Exception
2022-11-18 10:51:19.031[main][org.springframework.web.servlet.handler.AbstractHandlerMethodMapping$MappingRegistry:543] INFO  - Mapped "{[/pl/{problemid}],methods=[GET]}" onto public com.lp.common.entity.Result com.lp.base.controller.PlController.labelIds(java.lang.String)
2022-11-18 10:51:19.032[main][org.springframework.web.servlet.handler.AbstractHandlerMethodMapping$MappingRegistry:543] INFO  - Mapped "{[/problem/list],methods=[GET]}" onto public com.lp.common.entity.Result com.lp.base.controller.ProblemController.findAll()
2022-11-18 10:51:19.034[main][org.springframework.web.servlet.handler.AbstractHandlerMethodMapping$MappingRegistry:543] INFO  - Mapped "{[/recruit/state/{state}],methods=[GET]}" onto public com.lp.common.entity.Result com.lp.base.controller.RecruitController.findOpen(java.lang.String)
2022-11-18 10:51:19.036[main][org.springframework.web.servlet.handler.AbstractHandlerMethodMapping$MappingRegistry:543] INFO  - Mapped "{[/recruit/list],methods=[GET]}" onto public com.lp.common.entity.Result com.lp.base.controller.RecruitController.findAll()
2022-11-18 10:51:19.043[main][org.springframework.web.servlet.handler.AbstractHandlerMethodMapping$MappingRegistry:543] INFO  - Mapped "{[/error],produces=[text/html]}" onto public org.springframework.web.servlet.ModelAndView org.springframework.boot.autoconfigure.web.BasicErrorController.errorHtml(javax.servlet.http.HttpServletRequest,javax.servlet.http.HttpServletResponse)
2022-11-18 10:51:19.044[main][org.springframework.web.servlet.handler.AbstractHandlerMethodMapping$MappingRegistry:543] INFO  - Mapped "{[/error]}" onto public org.springframework.http.ResponseEntity<java.util.Map<java.lang.String, java.lang.Object>> org.springframework.boot.autoconfigure.web.BasicErrorController.error(javax.servlet.http.HttpServletRequest)
2022-11-18 10:51:19.133[main][org.springframework.web.servlet.handler.AbstractUrlHandlerMapping:362] INFO  - Mapped URL path [/webjars/**] onto handler of type [class org.springframework.web.servlet.resource.ResourceHttpRequestHandler]
2022-11-18 10:51:19.133[main][org.springframework.web.servlet.handler.AbstractUrlHandlerMapping:362] INFO  - Mapped URL path [/**] onto handler of type [class org.springframework.web.servlet.resource.ResourceHttpRequestHandler]
2022-11-18 10:51:19.218[main][org.springframework.web.servlet.handler.AbstractUrlHandlerMapping:362] INFO  - Mapped URL path [/**/favicon.ico] onto handler of type [class org.springframework.web.servlet.resource.ResourceHttpRequestHandler]
2022-11-18 10:51:19.718[main][org.springframework.jmx.export.MBeanExporter:431] INFO  - Registering beans for JMX exposure on startup
2022-11-18 10:51:19.762[main][org.apache.juli.logging.DirectJDKLog:179] INFO  - Initializing ProtocolHandler ["http-nio-9001"]
2022-11-18 10:51:19.776[main][org.apache.juli.logging.DirectJDKLog:179] INFO  - Starting ProtocolHandler [http-nio-9001]
2022-11-18 10:51:19.788[main][org.apache.juli.logging.DirectJDKLog:179] INFO  - Using a shared selector for servlet write/read
2022-11-18 10:51:19.818[main][org.springframework.boot.context.embedded.tomcat.TomcatEmbeddedServletContainer:198] INFO  - Tomcat started on port(s): 9001 (http)
2022-11-18 10:51:19.857[main][org.springframework.boot.StartupInfoLogger:57] INFO  - Started BaseApplication in 9.597 seconds (JVM running for 12.781)
2022-11-18 10:51:19.858[main][com.lp.base.BaseApplication:18] INFO  - 项目初始化完成
2022-11-18 10:51:36.468[http-nio-9001-exec-2][org.apache.juli.logging.DirectJDKLog:179] INFO  - Initializing Spring FrameworkServlet 'dispatcherServlet'
2022-11-18 10:51:36.469[http-nio-9001-exec-2][org.springframework.web.servlet.FrameworkServlet:489] INFO  - FrameworkServlet 'dispatcherServlet': initialization started
2022-11-18 10:51:36.508[http-nio-9001-exec-2][org.springframework.web.servlet.FrameworkServlet:508] INFO  - FrameworkServlet 'dispatcherServlet': initialization completed in 39 ms
2022-11-18 10:56:15.154[main][org.springframework.boot.StartupInfoLogger:48] INFO  - Starting BaseApplication on DESKTOP-T987IHU with PID 9104 (D:\Projects\java_resurce\lipeng_service\tensquare_parent\tensquare_base\target\classes started by TY in D:\Projects\java_resurce\lipeng_service\tensquare_parent)
2022-11-18 10:56:15.156[main][org.springframework.boot.SpringApplication:662] INFO  - No active profile set, falling back to default profiles: default
2022-11-18 10:56:15.268[main][org.springframework.context.support.AbstractApplicationContext:582] INFO  - Refreshing org.springframework.boot.context.embedded.AnnotationConfigEmbeddedWebApplicationContext@72d1ad2e: startup date [Fri Nov 18 10:56:15 CST 2022]; root of context hierarchy
2022-11-18 10:56:15.346[background-preinit][org.hibernate.validator.internal.util.Version:30] INFO  - HV000001: Hibernate Validator 5.2.4.Final
2022-11-18 10:56:17.242[main][org.springframework.context.support.PostProcessorRegistrationDelegate$BeanPostProcessorChecker:325] INFO  - Bean 'org.springframework.transaction.annotation.ProxyTransactionManagementConfiguration' of type [org.springframework.transaction.annotation.ProxyTransactionManagementConfiguration$$EnhancerBySpringCGLIB$$143572e6] is not eligible for getting processed by all BeanPostProcessors (for example: not eligible for auto-proxying)
2022-11-18 10:56:17.700[main][org.springframework.boot.context.embedded.tomcat.TomcatEmbeddedServletContainer:89] INFO  - Tomcat initialized with port(s): 9001 (http)
2022-11-18 10:56:17.709[main][org.apache.juli.logging.DirectJDKLog:179] INFO  - Starting service Tomcat
2022-11-18 10:56:17.710[main][org.apache.juli.logging.DirectJDKLog:179] INFO  - Starting Servlet Engine: Apache Tomcat/8.5.11
2022-11-18 10:56:17.801[localhost-startStop-1][org.apache.juli.logging.DirectJDKLog:179] INFO  - Initializing Spring embedded WebApplicationContext
2022-11-18 10:56:17.801[localhost-startStop-1][org.springframework.boot.context.embedded.EmbeddedWebApplicationContext:276] INFO  - Root WebApplicationContext: initialization completed in 2533 ms
2022-11-18 10:56:18.007[localhost-startStop-1][org.springframework.boot.web.servlet.ServletRegistrationBean:190] INFO  - Mapping servlet: 'dispatcherServlet' to [/]
2022-11-18 10:56:18.014[localhost-startStop-1][org.springframework.boot.web.servlet.AbstractFilterRegistrationBean:258] INFO  - Mapping filter: 'characterEncodingFilter' to: [/*]
2022-11-18 10:56:18.014[localhost-startStop-1][org.springframework.boot.web.servlet.AbstractFilterRegistrationBean:258] INFO  - Mapping filter: 'hiddenHttpMethodFilter' to: [/*]
2022-11-18 10:56:18.015[localhost-startStop-1][org.springframework.boot.web.servlet.AbstractFilterRegistrationBean:258] INFO  - Mapping filter: 'httpPutFormContentFilter' to: [/*]
2022-11-18 10:56:18.015[localhost-startStop-1][org.springframework.boot.web.servlet.AbstractFilterRegistrationBean:258] INFO  - Mapping filter: 'requestContextFilter' to: [/*]
2022-11-18 10:56:18.552[main][org.springframework.orm.jpa.LocalContainerEntityManagerFactoryBean:349] INFO  - Building JPA container EntityManagerFactory for persistence unit 'default'
2022-11-18 10:56:18.630[main][org.hibernate.Version:37] INFO  - HHH000412: Hibernate Core {5.0.12.Final}
2022-11-18 10:56:18.632[main][org.hibernate.cfg.Environment:213] INFO  - HHH000206: hibernate.properties not found
2022-11-18 10:56:18.633[main][org.hibernate.cfg.Environment:317] INFO  - HHH000021: Bytecode provider name : javassist
2022-11-18 10:56:18.692[main][org.hibernate.annotations.common.reflection.java.JavaReflectionManager:66] INFO  - HCANN000001: Hibernate Commons Annotations {5.0.1.Final}
2022-11-18 10:56:18.816[main][org.hibernate.dialect.Dialect:156] INFO  - HHH000400: Using dialect: org.hibernate.dialect.MySQL5Dialect
2022-11-18 10:56:19.494[main][org.hibernate.tool.hbm2ddl.SchemaUpdate:105] INFO  - HHH000228: Running hbm2ddl schema update
2022-11-18 10:56:20.288[main][org.springframework.orm.jpa.AbstractEntityManagerFactoryBean:379] INFO  - Initialized JPA EntityManagerFactory for persistence unit 'default'
2022-11-18 10:56:20.630[main][org.hibernate.hql.internal.QueryTranslatorFactoryInitiator:47] INFO  - HHH000397: Using ASTQueryTranslatorFactory
2022-11-18 10:56:21.139[main][org.springframework.web.servlet.mvc.method.annotation.RequestMappingHandlerAdapter:534] INFO  - Looking for @ControllerAdvice: org.springframework.boot.context.embedded.AnnotationConfigEmbeddedWebApplicationContext@72d1ad2e: startup date [Fri Nov 18 10:56:15 CST 2022]; root of context hierarchy
2022-11-18 10:56:21.220[main][org.springframework.web.servlet.handler.AbstractHandlerMethodMapping$MappingRegistry:543] INFO  - Mapped "{[/enterprise/list],methods=[GET]}" onto public com.lp.common.entity.Result com.lp.base.controller.EnterpriseController.findAll()
2022-11-18 10:56:21.223[main][org.springframework.web.servlet.handler.AbstractHandlerMethodMapping$MappingRegistry:543] INFO  - Mapped "{[/label/list],methods=[GET]}" onto public com.lp.common.entity.Result com.lp.base.controller.LabelController.findAll()
2022-11-18 10:56:21.225[main][org.springframework.web.servlet.handler.AbstractHandlerMethodMapping$MappingRegistry:543] INFO  - Mapped "{[/label/search/{page}/{size}],methods=[POST]}" onto public com.lp.common.entity.Result com.lp.base.controller.LabelController.pageSearch(java.util.Map,int,int) throws java.lang.Exception
2022-11-18 10:56:21.226[main][org.springframework.web.servlet.handler.AbstractHandlerMethodMapping$MappingRegistry:543] INFO  - Mapped "{[/label/search],methods=[POST]}" onto public com.lp.common.entity.Result com.lp.base.controller.LabelController.search(java.util.Map) throws java.lang.Exception
2022-11-18 10:56:21.227[main][org.springframework.web.servlet.handler.AbstractHandlerMethodMapping$MappingRegistry:543] INFO  - Mapped "{[/pl/{problemid}],methods=[GET]}" onto public com.lp.common.entity.Result com.lp.base.controller.PlController.labelIds(java.lang.String)
2022-11-18 10:56:21.227[main][org.springframework.web.servlet.handler.AbstractHandlerMethodMapping$MappingRegistry:543] INFO  - Mapped "{[/problem/list],methods=[GET]}" onto public com.lp.common.entity.Result com.lp.base.controller.ProblemController.findAll()
2022-11-18 10:56:21.229[main][org.springframework.web.servlet.handler.AbstractHandlerMethodMapping$MappingRegistry:543] INFO  - Mapped "{[/recruit/list],methods=[GET]}" onto public com.lp.common.entity.Result com.lp.base.controller.RecruitController.findAll()
2022-11-18 10:56:21.230[main][org.springframework.web.servlet.handler.AbstractHandlerMethodMapping$MappingRegistry:543] INFO  - Mapped "{[/recruit/state/{state}],methods=[GET]}" onto public com.lp.common.entity.Result com.lp.base.controller.RecruitController.findOpen(java.lang.String)
2022-11-18 10:56:21.236[main][org.springframework.web.servlet.handler.AbstractHandlerMethodMapping$MappingRegistry:543] INFO  - Mapped "{[/error]}" onto public org.springframework.http.ResponseEntity<java.util.Map<java.lang.String, java.lang.Object>> org.springframework.boot.autoconfigure.web.BasicErrorController.error(javax.servlet.http.HttpServletRequest)
2022-11-18 10:56:21.236[main][org.springframework.web.servlet.handler.AbstractHandlerMethodMapping$MappingRegistry:543] INFO  - Mapped "{[/error],produces=[text/html]}" onto public org.springframework.web.servlet.ModelAndView org.springframework.boot.autoconfigure.web.BasicErrorController.errorHtml(javax.servlet.http.HttpServletRequest,javax.servlet.http.HttpServletResponse)
2022-11-18 10:56:21.301[main][org.springframework.web.servlet.handler.AbstractUrlHandlerMapping:362] INFO  - Mapped URL path [/webjars/**] onto handler of type [class org.springframework.web.servlet.resource.ResourceHttpRequestHandler]
2022-11-18 10:56:21.301[main][org.springframework.web.servlet.handler.AbstractUrlHandlerMapping:362] INFO  - Mapped URL path [/**] onto handler of type [class org.springframework.web.servlet.resource.ResourceHttpRequestHandler]
2022-11-18 10:56:21.376[main][org.springframework.web.servlet.handler.AbstractUrlHandlerMapping:362] INFO  - Mapped URL path [/**/favicon.ico] onto handler of type [class org.springframework.web.servlet.resource.ResourceHttpRequestHandler]
2022-11-18 10:56:21.687[main][org.springframework.jmx.export.MBeanExporter:431] INFO  - Registering beans for JMX exposure on startup
2022-11-18 10:56:21.710[main][org.apache.juli.logging.DirectJDKLog:179] INFO  - Initializing ProtocolHandler ["http-nio-9001"]
2022-11-18 10:56:21.721[main][org.apache.juli.logging.DirectJDKLog:179] INFO  - Starting ProtocolHandler [http-nio-9001]
2022-11-18 10:56:21.733[main][org.apache.juli.logging.DirectJDKLog:179] INFO  - Using a shared selector for servlet write/read
2022-11-18 10:56:21.751[main][org.springframework.boot.context.embedded.tomcat.TomcatEmbeddedServletContainer:198] INFO  - Tomcat started on port(s): 9001 (http)
2022-11-18 10:56:21.756[main][org.springframework.boot.StartupInfoLogger:57] INFO  - Started BaseApplication in 7.575 seconds (JVM running for 10.26)
2022-11-18 10:56:21.756[main][com.lp.base.BaseApplication:18] INFO  - 项目初始化完成
2022-11-18 10:56:37.950[http-nio-9001-exec-1][org.apache.juli.logging.DirectJDKLog:179] INFO  - Initializing Spring FrameworkServlet 'dispatcherServlet'
2022-11-18 10:56:37.950[http-nio-9001-exec-1][org.springframework.web.servlet.FrameworkServlet:489] INFO  - FrameworkServlet 'dispatcherServlet': initialization started
2022-11-18 10:56:37.980[http-nio-9001-exec-1][org.springframework.web.servlet.FrameworkServlet:508] INFO  - FrameworkServlet 'dispatcherServlet': initialization completed in 30 ms
2022-11-18 10:58:49.185[main][org.springframework.boot.StartupInfoLogger:48] INFO  - Starting BaseApplication on DESKTOP-T987IHU with PID 836 (D:\Projects\java_resurce\lipeng_service\tensquare_parent\tensquare_base\target\classes started by TY in D:\Projects\java_resurce\lipeng_service\tensquare_parent)
2022-11-18 10:58:49.188[main][org.springframework.boot.SpringApplication:662] INFO  - No active profile set, falling back to default profiles: default
2022-11-18 10:58:49.295[main][org.springframework.context.support.AbstractApplicationContext:582] INFO  - Refreshing org.springframework.boot.context.embedded.AnnotationConfigEmbeddedWebApplicationContext@72d1ad2e: startup date [Fri Nov 18 10:58:49 CST 2022]; root of context hierarchy
2022-11-18 10:58:49.521[background-preinit][org.hibernate.validator.internal.util.Version:30] INFO  - HV000001: Hibernate Validator 5.2.4.Final
2022-11-18 10:58:51.340[main][org.springframework.context.support.PostProcessorRegistrationDelegate$BeanPostProcessorChecker:325] INFO  - Bean 'org.springframework.transaction.annotation.ProxyTransactionManagementConfiguration' of type [org.springframework.transaction.annotation.ProxyTransactionManagementConfiguration$$EnhancerBySpringCGLIB$$143572e6] is not eligible for getting processed by all BeanPostProcessors (for example: not eligible for auto-proxying)
2022-11-18 10:58:51.791[main][org.springframework.boot.context.embedded.tomcat.TomcatEmbeddedServletContainer:89] INFO  - Tomcat initialized with port(s): 9001 (http)
2022-11-18 10:58:51.801[main][org.apache.juli.logging.DirectJDKLog:179] INFO  - Starting service Tomcat
2022-11-18 10:58:51.802[main][org.apache.juli.logging.DirectJDKLog:179] INFO  - Starting Servlet Engine: Apache Tomcat/8.5.11
2022-11-18 10:58:51.893[localhost-startStop-1][org.apache.juli.logging.DirectJDKLog:179] INFO  - Initializing Spring embedded WebApplicationContext
2022-11-18 10:58:51.894[localhost-startStop-1][org.springframework.boot.context.embedded.EmbeddedWebApplicationContext:276] INFO  - Root WebApplicationContext: initialization completed in 2599 ms
2022-11-18 10:58:52.077[localhost-startStop-1][org.springframework.boot.web.servlet.ServletRegistrationBean:190] INFO  - Mapping servlet: 'dispatcherServlet' to [/]
2022-11-18 10:58:52.081[localhost-startStop-1][org.springframework.boot.web.servlet.AbstractFilterRegistrationBean:258] INFO  - Mapping filter: 'characterEncodingFilter' to: [/*]
2022-11-18 10:58:52.081[localhost-startStop-1][org.springframework.boot.web.servlet.AbstractFilterRegistrationBean:258] INFO  - Mapping filter: 'hiddenHttpMethodFilter' to: [/*]
2022-11-18 10:58:52.081[localhost-startStop-1][org.springframework.boot.web.servlet.AbstractFilterRegistrationBean:258] INFO  - Mapping filter: 'httpPutFormContentFilter' to: [/*]
2022-11-18 10:58:52.081[localhost-startStop-1][org.springframework.boot.web.servlet.AbstractFilterRegistrationBean:258] INFO  - Mapping filter: 'requestContextFilter' to: [/*]
2022-11-18 10:58:52.579[main][org.springframework.orm.jpa.LocalContainerEntityManagerFactoryBean:349] INFO  - Building JPA container EntityManagerFactory for persistence unit 'default'
2022-11-18 10:58:52.657[main][org.hibernate.Version:37] INFO  - HHH000412: Hibernate Core {5.0.12.Final}
2022-11-18 10:58:52.659[main][org.hibernate.cfg.Environment:213] INFO  - HHH000206: hibernate.properties not found
2022-11-18 10:58:52.660[main][org.hibernate.cfg.Environment:317] INFO  - HHH000021: Bytecode provider name : javassist
2022-11-18 10:58:52.701[main][org.hibernate.annotations.common.reflection.java.JavaReflectionManager:66] INFO  - HCANN000001: Hibernate Commons Annotations {5.0.1.Final}
2022-11-18 10:58:52.840[main][org.hibernate.dialect.Dialect:156] INFO  - HHH000400: Using dialect: org.hibernate.dialect.MySQL5Dialect
2022-11-18 10:58:53.489[main][org.hibernate.tool.hbm2ddl.SchemaUpdate:105] INFO  - HHH000228: Running hbm2ddl schema update
2022-11-18 10:58:54.282[main][org.springframework.orm.jpa.AbstractEntityManagerFactoryBean:379] INFO  - Initialized JPA EntityManagerFactory for persistence unit 'default'
2022-11-18 10:58:54.577[main][org.hibernate.hql.internal.QueryTranslatorFactoryInitiator:47] INFO  - HHH000397: Using ASTQueryTranslatorFactory
2022-11-18 10:58:55.025[main][org.springframework.web.servlet.mvc.method.annotation.RequestMappingHandlerAdapter:534] INFO  - Looking for @ControllerAdvice: org.springframework.boot.context.embedded.AnnotationConfigEmbeddedWebApplicationContext@72d1ad2e: startup date [Fri Nov 18 10:58:49 CST 2022]; root of context hierarchy
2022-11-18 10:58:55.090[main][org.springframework.web.servlet.handler.AbstractHandlerMethodMapping$MappingRegistry:543] INFO  - Mapped "{[/enterprise/list],methods=[GET]}" onto public com.lp.common.entity.Result com.lp.base.controller.EnterpriseController.findAll()
2022-11-18 10:58:55.093[main][org.springframework.web.servlet.handler.AbstractHandlerMethodMapping$MappingRegistry:543] INFO  - Mapped "{[/label/search],methods=[POST]}" onto public com.lp.common.entity.Result com.lp.base.controller.LabelController.search(java.util.Map) throws java.lang.Exception
2022-11-18 10:58:55.094[main][org.springframework.web.servlet.handler.AbstractHandlerMethodMapping$MappingRegistry:543] INFO  - Mapped "{[/label/search/{page}/{size}],methods=[POST]}" onto public com.lp.common.entity.Result com.lp.base.controller.LabelController.pageSearch(java.util.Map,int,int) throws java.lang.Exception
2022-11-18 10:58:55.094[main][org.springframework.web.servlet.handler.AbstractHandlerMethodMapping$MappingRegistry:543] INFO  - Mapped "{[/label/list],methods=[GET]}" onto public com.lp.common.entity.Result com.lp.base.controller.LabelController.findAll()
2022-11-18 10:58:55.095[main][org.springframework.web.servlet.handler.AbstractHandlerMethodMapping$MappingRegistry:543] INFO  - Mapped "{[/pl/{problemid}],methods=[GET]}" onto public com.lp.common.entity.Result com.lp.base.controller.PlController.labelIds(java.lang.String)
2022-11-18 10:58:55.096[main][org.springframework.web.servlet.handler.AbstractHandlerMethodMapping$MappingRegistry:543] INFO  - Mapped "{[/problem/list],methods=[GET]}" onto public com.lp.common.entity.Result com.lp.base.controller.ProblemController.findAll()
2022-11-18 10:58:55.097[main][org.springframework.web.servlet.handler.AbstractHandlerMethodMapping$MappingRegistry:543] INFO  - Mapped "{[/recruit/list],methods=[GET]}" onto public com.lp.common.entity.Result com.lp.base.controller.RecruitController.findAll()
2022-11-18 10:58:55.098[main][org.springframework.web.servlet.handler.AbstractHandlerMethodMapping$MappingRegistry:543] INFO  - Mapped "{[/recruit/state/{state}],methods=[GET]}" onto public com.lp.common.entity.Result com.lp.base.controller.RecruitController.findOpen(java.lang.String)
2022-11-18 10:58:55.103[main][org.springframework.web.servlet.handler.AbstractHandlerMethodMapping$MappingRegistry:543] INFO  - Mapped "{[/error]}" onto public org.springframework.http.ResponseEntity<java.util.Map<java.lang.String, java.lang.Object>> org.springframework.boot.autoconfigure.web.BasicErrorController.error(javax.servlet.http.HttpServletRequest)
2022-11-18 10:58:55.103[main][org.springframework.web.servlet.handler.AbstractHandlerMethodMapping$MappingRegistry:543] INFO  - Mapped "{[/error],produces=[text/html]}" onto public org.springframework.web.servlet.ModelAndView org.springframework.boot.autoconfigure.web.BasicErrorController.errorHtml(javax.servlet.http.HttpServletRequest,javax.servlet.http.HttpServletResponse)
2022-11-18 10:58:55.155[main][org.springframework.web.servlet.handler.AbstractUrlHandlerMapping:362] INFO  - Mapped URL path [/webjars/**] onto handler of type [class org.springframework.web.servlet.resource.ResourceHttpRequestHandler]
2022-11-18 10:58:55.155[main][org.springframework.web.servlet.handler.AbstractUrlHandlerMapping:362] INFO  - Mapped URL path [/**] onto handler of type [class org.springframework.web.servlet.resource.ResourceHttpRequestHandler]
2022-11-18 10:58:55.198[main][org.springframework.web.servlet.handler.AbstractUrlHandlerMapping:362] INFO  - Mapped URL path [/**/favicon.ico] onto handler of type [class org.springframework.web.servlet.resource.ResourceHttpRequestHandler]
2022-11-18 10:58:55.511[main][org.springframework.jmx.export.MBeanExporter:431] INFO  - Registering beans for JMX exposure on startup
2022-11-18 10:58:55.536[main][org.apache.juli.logging.DirectJDKLog:179] INFO  - Initializing ProtocolHandler ["http-nio-9001"]
2022-11-18 10:58:55.546[main][org.apache.juli.logging.DirectJDKLog:179] INFO  - Starting ProtocolHandler [http-nio-9001]
2022-11-18 10:58:55.556[main][org.apache.juli.logging.DirectJDKLog:179] INFO  - Using a shared selector for servlet write/read
2022-11-18 10:58:55.574[main][org.springframework.boot.context.embedded.tomcat.TomcatEmbeddedServletContainer:198] INFO  - Tomcat started on port(s): 9001 (http)
2022-11-18 10:58:55.579[main][org.springframework.boot.StartupInfoLogger:57] INFO  - Started BaseApplication in 7.388 seconds (JVM running for 10.236)
2022-11-18 10:58:55.579[main][com.lp.base.BaseApplication:18] INFO  - 项目初始化完成
2022-11-18 10:59:10.392[http-nio-9001-exec-1][org.apache.juli.logging.DirectJDKLog:179] INFO  - Initializing Spring FrameworkServlet 'dispatcherServlet'
2022-11-18 10:59:10.392[http-nio-9001-exec-1][org.springframework.web.servlet.FrameworkServlet:489] INFO  - FrameworkServlet 'dispatcherServlet': initialization started
2022-11-18 10:59:10.424[http-nio-9001-exec-1][org.springframework.web.servlet.FrameworkServlet:508] INFO  - FrameworkServlet 'dispatcherServlet': initialization completed in 31 ms
